 . Test_Logic_Reset
Run_Test_IDLE
Select_DR_Scan
Select_IR_Scan
Capture_IR
Shift_IR
Exit1_IR
TDI(16): 0000000000100011
TDO(16): 0000000000000001
Update_IR
Select_DR_Scan
Capture_DR
Shift_DR
Exit1_DR
TDI(3): 111
TDO(3): 000
Update_DR
Select_DR_Scan
Select_IR_Scan
Capture_IR
Shift_IR
Exit1_IR
TDI(16): 0000000000001010
TDO(16): 0000000000000001
Update_IR
Select_DR_Scan
Capture_DR
Shift_DR
Exit1_DR
TDI(16): 0000000000000001
TDO(16): 0000000000000000
Update_DR
Select_DR_Scan
Select_IR_Scan
Capture_IR
Shift_IR
Exit1_IR
TDI(16): 0000000000001000
TDO(16): 0000000000000001
Update_IR
Select_DR_Scan
Capture_DR
Shift_DR
Exit1_DR
TDI(160): 0000000000000000000000000000000000000000000000000000000000000000000000000000000000000000000000000000000000000000000000000000000000000000000000000000000000011101
TDO(160): 0000001110000000111000000011100000001110000000111000000011100000001110000000111000000011100000001110000000111000000011100000001110000000111000000011101000001110
Update_DR
Run_Test_IDLE
Select_DR_Scan
Select_IR_Scan
Capture_IR
Shift_IR
Exit1_IR
TDI(16): 0000000000001100
TDO(16): 0000000000000001
Update_IR
Select_DR_Scan
Capture_DR
Shift_DR
Exit1_DR
TDI(128): 00000000000000000000000000000000000000000000000000000000000000000000000000000000000000000000000000000000000000000000000000000000
TDO(128): 00000000000000000000000000000000000000000000000000000000000000000000000000000000000000000000000000000000000000000000000000000011
Update_DR
Select_DR_Scan
Select_IR_Scan
Capture_IR
Shift_IR
Exit1_IR
TDI(16): 0000000000001010
TDO(16): 0000000000000001
Update_IR
Select_DR_Scan
Capture_DR
Shift_DR
Exit1_DR
TDI(16): 0000000000000001
TDO(16): 0000000000000001
Update_DR
Select_DR_Scan
Select_IR_Scan
Capture_IR
Shift_IR
Exit1_IR
TDI(16): 0000000000001000
TDO(16): 0000000000000001
Update_IR
Select_DR_Scan
Capture_DR
Shift_DR
Exit1_DR
TDI(160): 0000000000000000000000000000000000000000000000000000000000000000000000000000000000000000000000000000000000000000000000000000000000000000000000000000000000101101
TDO(160): 0000000000000000000000000000000000000000000000000000000000000000000000000000000000000000000000000000000000000000000000000000000000000000000000000000001000011101
Update_DR
Run_Test_IDLE
Select_DR_Scan
Select_IR_Scan
Capture_IR
Shift_IR
Exit1_IR
TDI(16): 0000000000001100
TDO(16): 0000000000000001
Update_IR
Select_DR_Scan
Capture_DR
Shift_DR
Exit1_DR
TDI(128): 00000000000000000000000000000000000000000000000000000000000000000000000000000000000000000000000000000000000000000000000000000000
TDO(128): 00000000000000000000000000000000000000000000000000000000000000000000000000000000000000000000000000000000000000000000000000001011
Update_DR
Select_DR_Scan
Select_IR_Scan
Capture_IR
Shift_IR
Exit1_IR
TDI(16): 0000000000001010
TDO(16): 0000000000000001
Update_IR
Select_DR_Scan
Capture_DR
Shift_DR
Exit1_DR
TDI(16): 0000000000000001
TDO(16): 0000000000000001
Update_DR
Select_DR_Scan
Select_IR_Scan
Capture_IR
Shift_IR
Exit1_IR
TDI(16): 0000000000001000
TDO(16): 0000000000000001
Update_IR
Select_DR_Scan
Capture_DR
Shift_DR
Exit1_DR
TDI(160): 0000000000000000000000000000000000000000000000000000000000000000000000000000000000000000000000000000000000000000000000000000000000000000000000000000000001001011
TDO(160): 0000000000000000000000000000000000000000000000000000000000000000000000000000000000000000000000000000000000000000000000000000000000000000000000000000001000101101
Update_DR
Run_Test_IDLE
Select_DR_Scan
Select_IR_Scan
Capture_IR
Shift_IR
Exit1_IR
TDI(16): 0000000000001100
TDO(16): 0000000000000001
Update_IR
Select_DR_Scan
Capture_DR
Shift_DR
Exit1_DR
TDI(128): 00000000000000000000000000000000000000000000000000000000000000000000000000000000000000000000000000000000000000000000000000000000
TDO(128): 00000000000000000000000000000000000000000000000000000000000000000000000000000000000000000000000000000000000000000000000000000011
Update_DR
Select_DR_Scan
Select_IR_Scan
Capture_IR
Shift_IR
Exit1_IR
TDI(16): 0000000000001010
TDO(16): 0000000000000001
Update_IR
Select_DR_Scan
Capture_DR
Shift_DR
Exit1_DR
TDI(16): 0000000000000001
TDO(16): 0000000000000001
Update_DR
Select_DR_Scan
Select_IR_Scan
Capture_IR
Shift_IR
Exit1_IR
TDI(16): 0000000000001000
TDO(16): 0000000000000001
Update_IR
Select_DR_Scan
Capture_DR
Shift_DR
Exit1_DR
TDI(160): 0000000000000000000000000000000000000000000000000000000000000000000000000000000000000000000000000000000000000000000000000000000000000000000000000000000010001011
TDO(160): 0000000000000000000000000000000000000000000000000000000000000000000000000000000000000000000000000000000000000000000000000000000000000000000000000000001001001011
Update_DR
Run_Test_IDLE
Select_DR_Scan
Select_IR_Scan
Capture_IR
Shift_IR
Exit1_IR
TDI(16): 0000000000001100
TDO(16): 0000000000000001
Update_IR
Select_DR_Scan
Capture_DR
Shift_DR
Exit1_DR
TDI(128): 00000000000000000000000000000000000000000000000000000000000000000000000000000000000000000000000000000000000000000000000000000000
TDO(128): 00000000000000000000000000000000000000000000000000000000000000000000000000000000000000000000000000000000000000000000000000000011
Update_DR
Select_DR_Scan
Select_IR_Scan
Capture_IR
Shift_IR
Exit1_IR
TDI(16): 0000000000001010
TDO(16): 0000000000000001
Update_IR
Select_DR_Scan
Capture_DR
Shift_DR
Exit1_DR
TDI(16): 0000000000000001
TDO(16): 0000000000000001
Update_DR
Select_DR_Scan
Select_IR_Scan
Capture_IR
Shift_IR
Exit1_IR
TDI(16): 0000000000001000
TDO(16): 0000000000000001
Update_IR
Select_DR_Scan
Capture_DR
Shift_DR
Exit1_DR
TDI(160): 0000000000000000000000000000000000000000000000000000000000000000000000000000000000000000000000000000000000000000000000000000000000000000000000000000000100000111
TDO(160): 0000000000000000000000000000000000000000000000000000000000000000000000000000000000000000000000000000000000000000000000000000000000000000000000000000001010001011
Update_DR
Run_Test_IDLE
Select_DR_Scan
Select_IR_Scan
Capture_IR
Shift_IR
Exit1_IR
TDI(16): 0000000000001100
TDO(16): 0000000000000001
Update_IR
Select_DR_Scan
Capture_DR
Shift_DR
Exit1_DR
TDI(128): 00000000000000000000000000000000000000000000000000000000000000000000000000000000000000000000000000000000000000000000000000000000
TDO(128): 00000000000000000000000000000000000000000000000000000000000000000000000000000000000000000000000000000000000000000000000000000011
Update_DR
Select_DR_Scan
Select_IR_Scan
Capture_IR
Shift_IR
Exit1_IR
TDI(16): 0000000000001010
TDO(16): 0000000000000001
Update_IR
Select_DR_Scan
Capture_DR
Shift_DR
Exit1_DR
TDI(16): 0000000000000010
TDO(16): 0000000000000001
Update_DR
Select_DR_Scan
Select_IR_Scan
Capture_IR
Shift_IR
Exit1_IR
TDI(16): 0000000000001000
TDO(16): 0000000000000001
Update_IR
Select_DR_Scan
Capture_DR
Shift_DR
Exit1_DR
TDI(160): 0000000000000000000000000000000000000000000000000000000000000000000000000000000000000000000000000000000000000000000000000000000000000000000000000111010000000000
TDO(160): 0000000000000000000000000000000000000000000000000000000000000000000000000000000000000000000000000000000000000000000000000000000000000000000010000000000100000111
Update_DR
Run_Test_IDLE
Select_DR_Scan
Select_IR_Scan
Capture_IR
Shift_IR
Exit1_IR
TDI(16): 0000000000001100
TDO(16): 0000000000000001
Update_IR
Select_DR_Scan
Capture_DR
Shift_DR
Exit1_DR
TDI(128): 00000000000000000000000000000000000000000000000000000000000000000000000000000000000000000000000000000000000000000000000000000000
TDO(128): 00000000000000000000000000000000000000000000000000000000000000000000000000000000000000000000000000000000000000000000001100000000
Update_DR
Select_DR_Scan
Select_IR_Scan
Capture_IR
Shift_IR
Exit1_IR
TDI(16): 0000000000001010
TDO(16): 0000000000000001
Update_IR
Select_DR_Scan
Capture_DR
Shift_DR
Exit1_DR
TDI(16): 0000000000000010
TDO(16): 0000000000000010
Update_DR
Select_DR_Scan
Select_IR_Scan
Capture_IR
Shift_IR
Exit1_IR
TDI(16): 0000000000001000
TDO(16): 0000000000000001
Update_IR
Select_DR_Scan
Capture_DR
Shift_DR
Exit1_DR
TDI(160): 0000000000000000000000000000000000000000000000000000000000000000000000000000000000000000000000000000000000000000000000000000000000000000000000001011010000000000
TDO(160): 0000000000000000000000000000000000000000000000000000000000000000000000000000000000000000000000000000000000000000000000000000000000000000000010000111010000000000
Update_DR
Run_Test_IDLE
Select_DR_Scan
Select_IR_Scan
Capture_IR
Shift_IR
Exit1_IR
TDI(16): 0000000000001100
TDO(16): 0000000000000001
Update_IR
Select_DR_Scan
Capture_DR
Shift_DR
Exit1_DR
TDI(128): 00000000000000000000000000000000000000000000000000000000000000000000000000000000000000000000000000000000000000000000000000000000
TDO(128): 00000000000000000000000000000000000000000000000000000000000000000000000000000000000000000000000000000000000000000000001100000000
Update_DR
Select_DR_Scan
Select_IR_Scan
Capture_IR
Shift_IR
Exit1_IR
TDI(16): 0000000000001010
TDO(16): 0000000000000001
Update_IR
Select_DR_Scan
Capture_DR
Shift_DR
Exit1_DR
TDI(16): 0000000000000010
TDO(16): 0000000000000010
Update_DR
Select_DR_Scan
Select_IR_Scan
Capture_IR
Shift_IR
Exit1_IR
TDI(16): 0000000000001000
TDO(16): 0000000000000001
Update_IR
Select_DR_Scan
Capture_DR
Shift_DR
Exit1_DR
TDI(160): 0000000000000000000000000000000000000000000000000000000000000000000000000000000000000000000000000000000000000000000000000000000000000000000000010010110000000000
TDO(160): 0000000000000000000000000000000000000000000000000000000000000000000000000000000000000000000000000000000000000000000000000000000000000000000010001011010000000000
Update_DR
Run_Test_IDLE
Select_DR_Scan
Select_IR_Scan
Capture_IR
Shift_IR
Exit1_IR
TDI(16): 0000000000001100
TDO(16): 0000000000000001
Update_IR
Select_DR_Scan
Capture_DR
Shift_DR
Exit1_DR
TDI(128): 00000000000000000000000000000000000000000000000000000000000000000000000000000000000000000000000000000000000000000000000000000000
TDO(128): 00000000000000000000000000000000000000000000000000000000000000000000000000000000000000000000000000000000000000000000001100000000
Update_DR
Select_DR_Scan
Select_IR_Scan
Capture_IR
Shift_IR
Exit1_IR
TDI(16): 0000000000001010
TDO(16): 0000000000000001
Update_IR
Select_DR_Scan
Capture_DR
Shift_DR
Exit1_DR
TDI(16): 0000000000000010
TDO(16): 0000000000000010
Update_DR
Select_DR_Scan
Select_IR_Scan
Capture_IR
Shift_IR
Exit1_IR
TDI(16): 0000000000001000
TDO(16): 0000000000000001
Update_IR
Select_DR_Scan
Capture_DR
Shift_DR
Exit1_DR
TDI(160): 0000000000000000000000000000000000000000000000000000000000000000000000000000000000000000000000000000000000000000000000000000000000000000000000100010110000000000
TDO(160): 0000000000000000000000000000000000000000000000000000000000000000000000000000000000000000000000000000000000000000000000000000000000000000000010010010110000000000
Update_DR
Run_Test_IDLE
Select_DR_Scan
Select_IR_Scan
Capture_IR
Shift_IR
Exit1_IR
TDI(16): 0000000000001100
TDO(16): 0000000000000001
Update_IR
Select_DR_Scan
Capture_DR
Shift_DR
Exit1_DR
TDI(128): 00000000000000000000000000000000000000000000000000000000000000000000000000000000000000000000000000000000000000000000000000000000
TDO(128): 00000000000000000000000000000000000000000000000000000000000000000000000000000000000000000000000000000000000000000000001100000000
Update_DR
Select_DR_Scan
Select_IR_Scan
Capture_IR
Shift_IR
Exit1_IR
TDI(16): 0000000000001010
TDO(16): 0000000000000001
Update_IR
Select_DR_Scan
Capture_DR
Shift_DR
Exit1_DR
TDI(16): 0000000000000010
TDO(16): 0000000000000010
Update_DR
Select_DR_Scan
Select_IR_Scan
Capture_IR
Shift_IR
Exit1_IR
TDI(16): 0000000000001000
TDO(16): 0000000000000001
Update_IR
Select_DR_Scan
Capture_DR
Shift_DR
Exit1_DR
TDI(160): 0000000000000000000000000000000000000000000000000000000000000000000000000000000000000000000000000000000000000000000000000000000000000000000001000001110000000000
TDO(160): 0000000000000000000000000000000000000000000000000000000000000000000000000000000000000000000000000000000000000000000000000000000000000000000010100010110000000000
Update_DR
Run_Test_IDLE
Select_DR_Scan
Select_IR_Scan
Capture_IR
Shift_IR
Exit1_IR
TDI(16): 0000000000001100
TDO(16): 0000000000000001
Update_IR
Select_DR_Scan
Capture_DR
Shift_DR
Exit1_DR
TDI(128): 00000000000000000000000000000000000000000000000000000000000000000000000000000000000000000000000000000000000000000000000000000000
TDO(128): 00000000000000000000000000000000000000000000000000000000000000000000000000000000000000000000000000000000000000000000001100000000
Update_DR
Select_DR_Scan
Select_IR_Scan
Capture_IR
Shift_IR
Exit1_IR
TDI(16): 0000000000001010
TDO(16): 0000000000000001
Update_IR
Select_DR_Scan
Capture_DR
Shift_DR
Exit1_DR
TDI(16): 0000000000000100
TDO(16): 0000000000000010
Update_DR
Select_DR_Scan
Select_IR_Scan
Capture_IR
Shift_IR
Exit1_IR
TDI(16): 0000000000001000
TDO(16): 0000000000000001
Update_IR
Select_DR_Scan
Capture_DR
Shift_DR
Exit1_DR
TDI(160): 0000000000000000000000000000000000000000000000000000000000000000000000000000000000000000000000000000000000000000000000000000000000000001110100000000000000000000
TDO(160): 0000000000000000000000000000000000000000000000000000000000000000000000000000000000000000000000000000000000000000000000000000000000100000000001000001110000000000
Update_DR
Run_Test_IDLE
Select_DR_Scan
Select_IR_Scan
Capture_IR
Shift_IR
Exit1_IR
TDI(16): 0000000000001100
TDO(16): 0000000000000001
Update_IR
Select_DR_Scan
Capture_DR
Shift_DR
Exit1_DR
TDI(128): 00000000000000000000000000000000000000000000000000000000000000000000000000000000000000000000000000000000000000000000000000000000
TDO(128): 00000000000000000000000000000000000000000000000000000000000000000000000000000000000000000000000000000000000000110000000000000000
Update_DR
Select_DR_Scan
Select_IR_Scan
Capture_IR
Shift_IR
Exit1_IR
TDI(16): 0000000000001010
TDO(16): 0000000000000001
Update_IR
Select_DR_Scan
Capture_DR
Shift_DR
Exit1_DR
TDI(16): 0000000000000100
TDO(16): 0000000000000100
Update_DR
Select_DR_Scan
Select_IR_Scan
Capture_IR
Shift_IR
Exit1_IR
TDI(16): 0000000000001000
TDO(16): 0000000000000001
Update_IR
Select_DR_Scan
Capture_DR
Shift_DR
Exit1_DR
TDI(160): 0000000000000000000000000000000000000000000000000000000000000000000000000000000000000000000000000000000000000000000000000000000000000010110100000000000000000000
TDO(160): 0000000000000000000000000000000000000000000000000000000000000000000000000000000000000000000000000000000000000000000000000000000000100001110100000000000000000000
Update_DR
Run_Test_IDLE
Select_DR_Scan
Select_IR_Scan
Capture_IR
Shift_IR
Exit1_IR
TDI(16): 0000000000001100
TDO(16): 0000000000000001
Update_IR
Select_DR_Scan
Capture_DR
Shift_DR
Exit1_DR
TDI(128): 00000000000000000000000000000000000000000000000000000000000000000000000000000000000000000000000000000000000000000000000000000000
TDO(128): 00000000000000000000000000000000000000000000000000000000000000000000000000000000000000000000000000000000000000110000000000000000
Update_DR
Select_DR_Scan
Select_IR_Scan
Capture_IR
Shift_IR
Exit1_IR
TDI(16): 0000000000001010
TDO(16): 0000000000000001
Update_IR
Select_DR_Scan
Capture_DR
Shift_DR
Exit1_DR
TDI(16): 0000000000000100
TDO(16): 0000000000000100
Update_DR
Select_DR_Scan
Select_IR_Scan
Capture_IR
Shift_IR
Exit1_IR
TDI(16): 0000000000001000
TDO(16): 0000000000000001
Update_IR
Select_DR_Scan
Capture_DR
Shift_DR
Exit1_DR
TDI(160): 0000000000000000000000000000000000000000000000000000000000000000000000000000000000000000000000000000000000000000000000000000000000000100101100000000000000000000
TDO(160): 0000000000000000000000000000000000000000000000000000000000000000000000000000000000000000000000000000000000000000000000000000000000100010110100000000000000000000
Update_DR
Run_Test_IDLE
Select_DR_Scan
Select_IR_Scan
Capture_IR
Shift_IR
Exit1_IR
TDI(16): 0000000000001100
TDO(16): 0000000000000001
Update_IR
Select_DR_Scan
Capture_DR
Shift_DR
Exit1_DR
TDI(128): 00000000000000000000000000000000000000000000000000000000000000000000000000000000000000000000000000000000000000000000000000000000
TDO(128): 00000000000000000000000000000000000000000000000000000000000000000000000000000000000000000000000000000000000000110000000000000000
Update_DR
Select_DR_Scan
Select_IR_Scan
Capture_IR
Shift_IR
Exit1_IR
TDI(16): 0000000000001010
TDO(16): 0000000000000001
Update_IR
Select_DR_Scan
Capture_DR
Shift_DR
Exit1_DR
TDI(16): 0000000000000100
TDO(16): 0000000000000100
Update_DR
Select_DR_Scan
Select_IR_Scan
Capture_IR
Shift_IR
Exit1_IR
TDI(16): 0000000000001000
TDO(16): 0000000000000001
Update_IR
Select_DR_Scan
Capture_DR
Shift_DR
Exit1_DR
TDI(160): 0000000000000000000000000000000000000000000000000000000000000000000000000000000000000000000000000000000000000000000000000000000000001000101100000000000000000000
TDO(160): 0000000000000000000000000000000000000000000000000000000000000000000000000000000000000000000000000000000000000000000000000000000000100100101100000000000000000000
Update_DR
Run_Test_IDLE
Select_DR_Scan
Select_IR_Scan
Capture_IR
Shift_IR
Exit1_IR
TDI(16): 0000000000001100
TDO(16): 0000000000000001
Update_IR
Select_DR_Scan
Capture_DR
Shift_DR
Exit1_DR
TDI(128): 00000000000000000000000000000000000000000000000000000000000000000000000000000000000000000000000000000000000000000000000000000000
TDO(128): 00000000000000000000000000000000000000000000000000000000000000000000000000000000000000000000000000000000000000110000000000000000
Update_DR
Select_DR_Scan
Select_IR_Scan
Capture_IR
Shift_IR
Exit1_IR
TDI(16): 0000000000001010
TDO(16): 0000000000000001
Update_IR
Select_DR_Scan
Capture_DR
Shift_DR
Exit1_DR
TDI(16): 0000000000000100
TDO(16): 0000000000000100
Update_DR
Select_DR_Scan
Select_IR_Scan
Capture_IR
Shift_IR
Exit1_IR
TDI(16): 0000000000001000
TDO(16): 0000000000000001
Update_IR
Select_DR_Scan
Capture_DR
Shift_DR
Exit1_DR
TDI(160): 0000000000000000000000000000000000000000000000000000000000000000000000000000000000000000000000000000000000000000000000000000000000010000011100000000000000000000
TDO(160): 0000000000000000000000000000000000000000000000000000000000000000000000000000000000000000000000000000000000000000000000000000000000101000101100000000000000000000
Update_DR
Run_Test_IDLE
Select_DR_Scan
Select_IR_Scan
Capture_IR
Shift_IR
Exit1_IR
TDI(16): 0000000000001100
TDO(16): 0000000000000001
Update_IR
Select_DR_Scan
Capture_DR
Shift_DR
Exit1_DR
TDI(128): 00000000000000000000000000000000000000000000000000000000000000000000000000000000000000000000000000000000000000000000000000000000
TDO(128): 00000000000000000000000000000000000000000000000000000000000000000000000000000000000000000000000000000000000000110000000000000000
Update_DR
Select_DR_Scan
Select_IR_Scan
Capture_IR
Shift_IR
Exit1_IR
TDI(16): 0000000000001010
TDO(16): 0000000000000001
Update_IR
Select_DR_Scan
Capture_DR
Shift_DR
Exit1_DR
TDI(16): 0000000000001000
TDO(16): 0000000000000100
Update_DR
Select_DR_Scan
Select_IR_Scan
Capture_IR
Shift_IR
Exit1_IR
TDI(16): 0000000000001000
TDO(16): 0000000000000001
Update_IR
Select_DR_Scan
Capture_DR
Shift_DR
Exit1_DR
TDI(160): 0000000000000000000000000000000000000000000000000000000000000000000000000000000000000000000000000000000000000000000000000000011101000000000000000000000000000000
TDO(160): 0000000000000000000000000000000000000000000000000000000000000000000000000000000000000000000000000000000000000000000000001000000000010000011100000000000000000000
Update_DR
Run_Test_IDLE
Select_DR_Scan
Select_IR_Scan
Capture_IR
Shift_IR
Exit1_IR
TDI(16): 0000000000001100
TDO(16): 0000000000000001
Update_IR
Select_DR_Scan
Capture_DR
Shift_DR
Exit1_DR
TDI(128): 00000000000000000000000000000000000000000000000000000000000000000000000000000000000000000000000000000000000000000000000000000000
TDO(128): 00000000000000000000000000000000000000000000000000000000000000000000000000000000000000000000000000000011000000000000000000000000
Update_DR
Select_DR_Scan
Select_IR_Scan
Capture_IR
Shift_IR
Exit1_IR
TDI(16): 0000000000001010
TDO(16): 0000000000000001
Update_IR
Select_DR_Scan
Capture_DR
Shift_DR
Exit1_DR
TDI(16): 0000000000001000
TDO(16): 0000000000001000
Update_DR
Select_DR_Scan
Select_IR_Scan
Capture_IR
Shift_IR
Exit1_IR
TDI(16): 0000000000001000
TDO(16): 0000000000000001
Update_IR
Select_DR_Scan
Capture_DR
Shift_DR
Exit1_DR
TDI(160): 0000000000000000000000000000000000000000000000000000000000000000000000000000000000000000000000000000000000000000000000000000101101000000000000000000000000000000
TDO(160): 0000000000000000000000000000000000000000000000000000000000000000000000000000000000000000000000000000000000000000000000001000011101000000000000000000000000000000
Update_DR
Run_Test_IDLE
Select_DR_Scan
Select_IR_Scan
Capture_IR
Shift_IR
Exit1_IR
TDI(16): 0000000000001100
TDO(16): 0000000000000001
Update_IR
Select_DR_Scan
Capture_DR
Shift_DR
Exit1_DR
TDI(128): 00000000000000000000000000000000000000000000000000000000000000000000000000000000000000000000000000000000000000000000000000000000
TDO(128): 00000000000000000000000000000000000000000000000000000000000000000000000000000000000000000000000000000011000000000000000000000000
Update_DR
Select_DR_Scan
Select_IR_Scan
Capture_IR
Shift_IR
Exit1_IR
TDI(16): 0000000000001010
TDO(16): 0000000000000001
Update_IR
Select_DR_Scan
Capture_DR
Shift_DR
Exit1_DR
TDI(16): 0000000000001000
TDO(16): 0000000000001000
Update_DR
Select_DR_Scan
Select_IR_Scan
Capture_IR
Shift_IR
Exit1_IR
TDI(16): 0000000000001000
TDO(16): 0000000000000001
Update_IR
Select_DR_Scan
Capture_DR
Shift_DR
Exit1_DR
TDI(160): 0000000000000000000000000000000000000000000000000000000000000000000000000000000000000000000000000000000000000000000000000001001011000000000000000000000000000000
TDO(160): 0000000000000000000000000000000000000000000000000000000000000000000000000000000000000000000000000000000000000000000000001000101101000000000000000000000000000000
Update_DR
Run_Test_IDLE
Select_DR_Scan
Select_IR_Scan
Capture_IR
Shift_IR
Exit1_IR
TDI(16): 0000000000001100
TDO(16): 0000000000000001
Update_IR
Select_DR_Scan
Capture_DR
Shift_DR
Exit1_DR
TDI(128): 00000000000000000000000000000000000000000000000000000000000000000000000000000000000000000000000000000000000000000000000000000000
TDO(128): 00000000000000000000000000000000000000000000000000000000000000000000000000000000000000000000000000000011000000000000000000000000
Update_DR
Select_DR_Scan
Select_IR_Scan
Capture_IR
Shift_IR
Exit1_IR
TDI(16): 0000000000001010
TDO(16): 0000000000000001
Update_IR
Select_DR_Scan
Capture_DR
Shift_DR
Exit1_DR
TDI(16): 0000000000001000
TDO(16): 0000000000001000
Update_DR
Select_DR_Scan
Select_IR_Scan
Capture_IR
Shift_IR
Exit1_IR
TDI(16): 0000000000001000
TDO(16): 0000000000000001
Update_IR
Select_DR_Scan
Capture_DR
Shift_DR
Exit1_DR
TDI(160): 0000000000000000000000000000000000000000000000000000000000000000000000000000000000000000000000000000000000000000000000000010001011000000000000000000000000000000
TDO(160): 0000000000000000000000000000000000000000000000000000000000000000000000000000000000000000000000000000000000000000000000001001001011000000000000000000000000000000
Update_DR
Run_Test_IDLE
Select_DR_Scan
Select_IR_Scan
Capture_IR
Shift_IR
Exit1_IR
TDI(16): 0000000000001100
TDO(16): 0000000000000001
Update_IR
Select_DR_Scan
Capture_DR
Shift_DR
Exit1_DR
TDI(128): 00000000000000000000000000000000000000000000000000000000000000000000000000000000000000000000000000000000000000000000000000000000
TDO(128): 00000000000000000000000000000000000000000000000000000000000000000000000000000000000000000000000000000011000000000000000000000000
Update_DR
Select_DR_Scan
Select_IR_Scan
Capture_IR
Shift_IR
Exit1_IR
TDI(16): 0000000000001010
TDO(16): 0000000000000001
Update_IR
Select_DR_Scan
Capture_DR
Shift_DR
Exit1_DR
TDI(16): 0000000000001000
TDO(16): 0000000000001000
Update_DR
Select_DR_Scan
Select_IR_Scan
Capture_IR
Shift_IR
Exit1_IR
TDI(16): 0000000000001000
TDO(16): 0000000000000001
Update_IR
Select_DR_Scan
Capture_DR
Shift_DR
Exit1_DR
TDI(160): 0000000000000000000000000000000000000000000000000000000000000000000000000000000000000000000000000000000000000000000000000100000111000000000000000000000000000000
TDO(160): 0000000000000000000000000000000000000000000000000000000000000000000000000000000000000000000000000000000000000000000000001010001011000000000000000000000000000000
Update_DR
Run_Test_IDLE
Select_DR_Scan
Select_IR_Scan
Capture_IR
Shift_IR
Exit1_IR
TDI(16): 0000000000001100
TDO(16): 0000000000000001
Update_IR
Select_DR_Scan
Capture_DR
Shift_DR
Exit1_DR
TDI(128): 00000000000000000000000000000000000000000000000000000000000000000000000000000000000000000000000000000000000000000000000000000000
TDO(128): 00000000000000000000000000000000000000000000000000000000000000000000000000000000000000000000000000000011000000000000000000000000
Update_DR
Select_DR_Scan
Select_IR_Scan
Capture_IR
Shift_IR
Exit1_IR
TDI(16): 0000000000001010
TDO(16): 0000000000000001
Update_IR
Select_DR_Scan
Capture_DR
Shift_DR
Exit1_DR
TDI(16): 0000000000010000
TDO(16): 0000000000001000
Update_DR
Select_DR_Scan
Select_IR_Scan
Capture_IR
Shift_IR
Exit1_IR
TDI(16): 0000000000001000
TDO(16): 0000000000000001
Update_IR
Select_DR_Scan
Capture_DR
Shift_DR
Exit1_DR
TDI(160): 0000000000000000000000000000000000000000000000000000000000000000000000000000000000000000000000000000000000000000000111010000000000000000000000000000000000000000
TDO(160): 0000000000000000000000000000000000000000000000000000000000000000000000000000000000000000000000000000000000000010000000000100000111000000000000000000000000000000
Update_DR
Run_Test_IDLE
Select_DR_Scan
Select_IR_Scan
Capture_IR
Shift_IR
Exit1_IR
TDI(16): 0000000000001100
TDO(16): 0000000000000001
Update_IR
Select_DR_Scan
Capture_DR
Shift_DR
Exit1_DR
TDI(128): 00000000000000000000000000000000000000000000000000000000000000000000000000000000000000000000000000000000000000000000000000000000
TDO(128): 00000000000000000000000000000000000000000000000000000000000000000000000000000000000000000000001100000000000000000000000000000000
Update_DR
Select_DR_Scan
Select_IR_Scan
Capture_IR
Shift_IR
Exit1_IR
TDI(16): 0000000000001010
TDO(16): 0000000000000001
Update_IR
Select_DR_Scan
Capture_DR
Shift_DR
Exit1_DR
TDI(16): 0000000000010000
TDO(16): 0000000000010000
Update_DR
Select_DR_Scan
Select_IR_Scan
Capture_IR
Shift_IR
Exit1_IR
TDI(16): 0000000000001000
TDO(16): 0000000000000001
Update_IR
Select_DR_Scan
Capture_DR
Shift_DR
Exit1_DR
TDI(160): 0000000000000000000000000000000000000000000000000000000000000000000000000000000000000000000000000000000000000000001011010000000000000000000000000000000000000000
TDO(160): 0000000000000000000000000000000000000000000000000000000000000000000000000000000000000000000000000000000000000010000111010000000000000000000000000000000000000000
Update_DR
Run_Test_IDLE
Select_DR_Scan
Select_IR_Scan
Capture_IR
Shift_IR
Exit1_IR
TDI(16): 0000000000001100
TDO(16): 0000000000000001
Update_IR
Select_DR_Scan
Capture_DR
Shift_DR
Exit1_DR
TDI(128): 00000000000000000000000000000000000000000000000000000000000000000000000000000000000000000000000000000000000000000000000000000000
TDO(128): 00000000000000000000000000000000000000000000000000000000000000000000000000000000000000000000001100000000000000000000000000000000
Update_DR
Select_DR_Scan
Select_IR_Scan
Capture_IR
Shift_IR
Exit1_IR
TDI(16): 0000000000001010
TDO(16): 0000000000000001
Update_IR
Select_DR_Scan
Capture_DR
Shift_DR
Exit1_DR
TDI(16): 0000000000010000
TDO(16): 0000000000010000
Update_DR
Select_DR_Scan
Select_IR_Scan
Capture_IR
Shift_IR
Exit1_IR
TDI(16): 0000000000001000
TDO(16): 0000000000000001
Update_IR
Select_DR_Scan
Capture_DR
Shift_DR
Exit1_DR
TDI(160): 0000000000000000000000000000000000000000000000000000000000000000000000000000000000000000000000000000000000000000010010110000000000000000000000000000000000000000
TDO(160): 0000000000000000000000000000000000000000000000000000000000000000000000000000000000000000000000000000000000000010001011010000000000000000000000000000000000000000
Update_DR
Run_Test_IDLE
Select_DR_Scan
Select_IR_Scan
Capture_IR
Shift_IR
Exit1_IR
TDI(16): 0000000000001100
TDO(16): 0000000000000001
Update_IR
Select_DR_Scan
Capture_DR
Shift_DR
Exit1_DR
TDI(128): 00000000000000000000000000000000000000000000000000000000000000000000000000000000000000000000000000000000000000000000000000000000
TDO(128): 00000000000000000000000000000000000000000000000000000000000000000000000000000000000000000000001100000000000000000000000000000000
Update_DR
Select_DR_Scan
Select_IR_Scan
Capture_IR
Shift_IR
Exit1_IR
TDI(16): 0000000000001010
TDO(16): 0000000000000001
Update_IR
Select_DR_Scan
Capture_DR
Shift_DR
Exit1_DR
TDI(16): 0000000000010000
TDO(16): 0000000000010000
Update_DR
Select_DR_Scan
Select_IR_Scan
Capture_IR
Shift_IR
Exit1_IR
TDI(16): 0000000000001000
TDO(16): 0000000000000001
Update_IR
Select_DR_Scan
Capture_DR
Shift_DR
Exit1_DR
TDI(160): 0000000000000000000000000000000000000000000000000000000000000000000000000000000000000000000000000000000000000000100010110000000000000000000000000000000000000000
TDO(160): 0000000000000000000000000000000000000000000000000000000000000000000000000000000000000000000000000000000000000010010010110000000000000000000000000000000000000000
Update_DR
Run_Test_IDLE
Select_DR_Scan
Select_IR_Scan
Capture_IR
Shift_IR
Exit1_IR
TDI(16): 0000000000001100
TDO(16): 0000000000000001
Update_IR
Select_DR_Scan
Capture_DR
Shift_DR
Exit1_DR
TDI(128): 00000000000000000000000000000000000000000000000000000000000000000000000000000000000000000000000000000000000000000000000000000000
TDO(128): 00000000000000000000000000000000000000000000000000000000000000000000000000000000000000000000001100000000000000000000000000000000
Update_DR
Select_DR_Scan
Select_IR_Scan
Capture_IR
Shift_IR
Exit1_IR
TDI(16): 0000000000001010
TDO(16): 0000000000000001
Update_IR
Select_DR_Scan
Capture_DR
Shift_DR
Exit1_DR
TDI(16): 0000000000010000
TDO(16): 0000000000010000
Update_DR
Select_DR_Scan
Select_IR_Scan
Capture_IR
Shift_IR
Exit1_IR
TDI(16): 0000000000001000
TDO(16): 0000000000000001
Update_IR
Select_DR_Scan
Capture_DR
Shift_DR
Exit1_DR
TDI(160): 0000000000000000000000000000000000000000000000000000000000000000000000000000000000000000000000000000000000000001000001110000000000000000000000000000000000000000
TDO(160): 0000000000000000000000000000000000000000000000000000000000000000000000000000000000000000000000000000000000000010100010110000000000000000000000000000000000000000
Update_DR
Run_Test_IDLE
Select_DR_Scan
Select_IR_Scan
Capture_IR
Shift_IR
Exit1_IR
TDI(16): 0000000000001100
TDO(16): 0000000000000001
Update_IR
Select_DR_Scan
Capture_DR
Shift_DR
Exit1_DR
TDI(128): 00000000000000000000000000000000000000000000000000000000000000000000000000000000000000000000000000000000000000000000000000000000
TDO(128): 00000000000000000000000000000000000000000000000000000000000000000000000000000000000000000000001100000000000000000000000000000000
Update_DR
Select_DR_Scan
Select_IR_Scan
Capture_IR
Shift_IR
Exit1_IR
TDI(16): 0000000000001010
TDO(16): 0000000000000001
Update_IR
Select_DR_Scan
Capture_DR
Shift_DR
Exit1_DR
TDI(16): 0000000000100000
TDO(16): 0000000000010000
Update_DR
Select_DR_Scan
Select_IR_Scan
Capture_IR
Shift_IR
Exit1_IR
TDI(16): 0000000000001000
TDO(16): 0000000000000001
Update_IR
Select_DR_Scan
Capture_DR
Shift_DR
Exit1_DR
TDI(160): 0000000000000000000000000000000000000000000000000000000000000000000000000000000000000000000000000000000001110100000000000000000000000000000000000000000000000000
TDO(160): 0000000000000000000000000000000000000000000000000000000000000000000000000000000000000000000000000000100000000001000001110000000000000000000000000000000000000000
Update_DR
Run_Test_IDLE
Select_DR_Scan
Select_IR_Scan
Capture_IR
Shift_IR
Exit1_IR
TDI(16): 0000000000001100
TDO(16): 0000000000000001
Update_IR
Select_DR_Scan
Capture_DR
Shift_DR
Exit1_DR
TDI(128): 00000000000000000000000000000000000000000000000000000000000000000000000000000000000000000000000000000000000000000000000000000000
TDO(128): 00000000000000000000000000000000000000000000000000000000000000000000000000000000000000110000000000000000000000000000000000000000
Update_DR
Select_DR_Scan
Select_IR_Scan
Capture_IR
Shift_IR
Exit1_IR
TDI(16): 0000000000001010
TDO(16): 0000000000000001
Update_IR
Select_DR_Scan
Capture_DR
Shift_DR
Exit1_DR
TDI(16): 0000000000100000
TDO(16): 0000000000100000
Update_DR
Select_DR_Scan
Select_IR_Scan
Capture_IR
Shift_IR
Exit1_IR
TDI(16): 0000000000001000
TDO(16): 0000000000000001
Update_IR
Select_DR_Scan
Capture_DR
Shift_DR
Exit1_DR
TDI(160): 0000000000000000000000000000000000000000000000000000000000000000000000000000000000000000000000000000000010110100000000000000000000000000000000000000000000000000
TDO(160): 0000000000000000000000000000000000000000000000000000000000000000000000000000000000000000000000000000100001110100000000000000000000000000000000000000000000000000
Update_DR
Run_Test_IDLE
Select_DR_Scan
Select_IR_Scan
Capture_IR
Shift_IR
Exit1_IR
TDI(16): 0000000000001100
TDO(16): 0000000000000001
Update_IR
Select_DR_Scan
Capture_DR
Shift_DR
Exit1_DR
TDI(128): 00000000000000000000000000000000000000000000000000000000000000000000000000000000000000000000000000000000000000000000000000000000
TDO(128): 00000000000000000000000000000000000000000000000000000000000000000000000000000000000000110000000000000000000000000000000000000000
Update_DR
Select_DR_Scan
Select_IR_Scan
Capture_IR
Shift_IR
Exit1_IR
TDI(16): 0000000000001010
TDO(16): 0000000000000001
Update_IR
Select_DR_Scan
Capture_DR
Shift_DR
Exit1_DR
TDI(16): 0000000000100000
TDO(16): 0000000000100000
Update_DR
Select_DR_Scan
Select_IR_Scan
Capture_IR
Shift_IR
Exit1_IR
TDI(16): 0000000000001000
TDO(16): 0000000000000001
Update_IR
Select_DR_Scan
Capture_DR
Shift_DR
Exit1_DR
TDI(160): 0000000000000000000000000000000000000000000000000000000000000000000000000000000000000000000000000000000100101100000000000000000000000000000000000000000000000000
TDO(160): 0000000000000000000000000000000000000000000000000000000000000000000000000000000000000000000000000000100010110100000000000000000000000000000000000000000000000000
Update_DR
Run_Test_IDLE
Select_DR_Scan
Select_IR_Scan
Capture_IR
Shift_IR
Exit1_IR
TDI(16): 0000000000001100
TDO(16): 0000000000000001
Update_IR
Select_DR_Scan
Capture_DR
Shift_DR
Exit1_DR
TDI(128): 00000000000000000000000000000000000000000000000000000000000000000000000000000000000000000000000000000000000000000000000000000000
TDO(128): 00000000000000000000000000000000000000000000000000000000000000000000000000000000000000110000000000000000000000000000000000000000
Update_DR
Select_DR_Scan
Select_IR_Scan
Capture_IR
Shift_IR
Exit1_IR
TDI(16): 0000000000001010
TDO(16): 0000000000000001
Update_IR
Select_DR_Scan
Capture_DR
Shift_DR
Exit1_DR
TDI(16): 0000000000100000
TDO(16): 0000000000100000
Update_DR
Select_DR_Scan
Select_IR_Scan
Capture_IR
Shift_IR
Exit1_IR
TDI(16): 0000000000001000
TDO(16): 0000000000000001
Update_IR
Select_DR_Scan
Capture_DR
Shift_DR
Exit1_DR
TDI(160): 0000000000000000000000000000000000000000000000000000000000000000000000000000000000000000000000000000001000101100000000000000000000000000000000000000000000000000
TDO(160): 0000000000000000000000000000000000000000000000000000000000000000000000000000000000000000000000000000100100101100000000000000000000000000000000000000000000000000
Update_DR
Run_Test_IDLE
Select_DR_Scan
Select_IR_Scan
Capture_IR
Shift_IR
Exit1_IR
TDI(16): 0000000000001100
TDO(16): 0000000000000001
Update_IR
Select_DR_Scan
Capture_DR
Shift_DR
Exit1_DR
TDI(128): 00000000000000000000000000000000000000000000000000000000000000000000000000000000000000000000000000000000000000000000000000000000
TDO(128): 00000000000000000000000000000000000000000000000000000000000000000000000000000000000000110000000000000000000000000000000000000000
Update_DR
Select_DR_Scan
Select_IR_Scan
Capture_IR
Shift_IR
Exit1_IR
TDI(16): 0000000000001010
TDO(16): 0000000000000001
Update_IR
Select_DR_Scan
Capture_DR
Shift_DR
Exit1_DR
TDI(16): 0000000000100000
TDO(16): 0000000000100000
Update_DR
Select_DR_Scan
Select_IR_Scan
Capture_IR
Shift_IR
Exit1_IR
TDI(16): 0000000000001000
TDO(16): 0000000000000001
Update_IR
Select_DR_Scan
Capture_DR
Shift_DR
Exit1_DR
TDI(160): 0000000000000000000000000000000000000000000000000000000000000000000000000000000000000000000000000000010000011100000000000000000000000000000000000000000000000000
TDO(160): 0000000000000000000000000000000000000000000000000000000000000000000000000000000000000000000000000000101000101100000000000000000000000000000000000000000000000000
Update_DR
Run_Test_IDLE
Select_DR_Scan
Select_IR_Scan
Capture_IR
Shift_IR
Exit1_IR
TDI(16): 0000000000001100
TDO(16): 0000000000000001
Update_IR
Select_DR_Scan
Capture_DR
Shift_DR
Exit1_DR
TDI(128): 00000000000000000000000000000000000000000000000000000000000000000000000000000000000000000000000000000000000000000000000000000000
TDO(128): 00000000000000000000000000000000000000000000000000000000000000000000000000000000000000110000000000000000000000000000000000000000
Update_DR
Select_DR_Scan
Select_IR_Scan
Capture_IR
Shift_IR
Exit1_IR
TDI(16): 0000000000001010
TDO(16): 0000000000000001
Update_IR
Select_DR_Scan
Capture_DR
Shift_DR
Exit1_DR
TDI(16): 0000000001000000
TDO(16): 0000000000100000
Update_DR
Select_DR_Scan
Select_IR_Scan
Capture_IR
Shift_IR
Exit1_IR
TDI(16): 0000000000001000
TDO(16): 0000000000000001
Update_IR
Select_DR_Scan
Capture_DR
Shift_DR
Exit1_DR
TDI(160): 0000000000000000000000000000000000000000000000000000000000000000000000000000000000000000000000011101000000000000000000000000000000000000000000000000000000000000
TDO(160): 0000000000000000000000000000000000000000000000000000000000000000000000000000000000000000001000000000010000011100000000000000000000000000000000000000000000000000
Update_DR
Run_Test_IDLE
Select_DR_Scan
Select_IR_Scan
Capture_IR
Shift_IR
Exit1_IR
TDI(16): 0000000000001100
TDO(16): 0000000000000001
Update_IR
Select_DR_Scan
Capture_DR
Shift_DR
Exit1_DR
TDI(128): 00000000000000000000000000000000000000000000000000000000000000000000000000000000000000000000000000000000000000000000000000000000
TDO(128): 00000000000000000000000000000000000000000000000000000000000000000000000000000011000000000000000000000000000000000000000000000000
Update_DR
Select_DR_Scan
Select_IR_Scan
Capture_IR
Shift_IR
Exit1_IR
TDI(16): 0000000000001010
TDO(16): 0000000000000001
Update_IR
Select_DR_Scan
Capture_DR
Shift_DR
Exit1_DR
TDI(16): 0000000001000000
TDO(16): 0000000001000000
Update_DR
Select_DR_Scan
Select_IR_Scan
Capture_IR
Shift_IR
Exit1_IR
TDI(16): 0000000000001000
TDO(16): 0000000000000001
Update_IR
Select_DR_Scan
Capture_DR
Shift_DR
Exit1_DR
TDI(160): 0000000000000000000000000000000000000000000000000000000000000000000000000000000000000000000000101101000000000000000000000000000000000000000000000000000000000000
TDO(160): 0000000000000000000000000000000000000000000000000000000000000000000000000000000000000000001000011101000000000000000000000000000000000000000000000000000000000000
Update_DR
Run_Test_IDLE
Select_DR_Scan
Select_IR_Scan
Capture_IR
Shift_IR
Exit1_IR
TDI(16): 0000000000001100
TDO(16): 0000000000000001
Update_IR
Select_DR_Scan
Capture_DR
Shift_DR
Exit1_DR
TDI(128): 00000000000000000000000000000000000000000000000000000000000000000000000000000000000000000000000000000000000000000000000000000000
TDO(128): 00000000000000000000000000000000000000000000000000000000000000000000000000000011000000000000000000000000000000000000000000000000
Update_DR
Select_DR_Scan
Select_IR_Scan
Capture_IR
Shift_IR
Exit1_IR
TDI(16): 0000000000001010
TDO(16): 0000000000000001
Update_IR
Select_DR_Scan
Capture_DR
Shift_DR
Exit1_DR
TDI(16): 0000000001000000
TDO(16): 0000000001000000
Update_DR
Select_DR_Scan
Select_IR_Scan
Capture_IR
Shift_IR
Exit1_IR
TDI(16): 0000000000001000
TDO(16): 0000000000000001
Update_IR
Select_DR_Scan
Capture_DR
Shift_DR
Exit1_DR
TDI(160): 0000000000000000000000000000000000000000000000000000000000000000000000000000000000000000000001001011000000000000000000000000000000000000000000000000000000000000
TDO(160): 0000000000000000000000000000000000000000000000000000000000000000000000000000000000000000001000101101000000000000000000000000000000000000000000000000000000000000
Update_DR
Run_Test_IDLE
Select_DR_Scan
Select_IR_Scan
Capture_IR
Shift_IR
Exit1_IR
TDI(16): 0000000000001100
TDO(16): 0000000000000001
Update_IR
Select_DR_Scan
Capture_DR
Shift_DR
Exit1_DR
TDI(128): 00000000000000000000000000000000000000000000000000000000000000000000000000000000000000000000000000000000000000000000000000000000
TDO(128): 00000000000000000000000000000000000000000000000000000000000000000000000000000011000000000000000000000000000000000000000000000000
Update_DR
Select_DR_Scan
Select_IR_Scan
Capture_IR
Shift_IR
Exit1_IR
TDI(16): 0000000000001010
TDO(16): 0000000000000001
Update_IR
Select_DR_Scan
Capture_DR
Shift_DR
Exit1_DR
TDI(16): 0000000001000000
TDO(16): 0000000001000000
Update_DR
Select_DR_Scan
Select_IR_Scan
Capture_IR
Shift_IR
Exit1_IR
TDI(16): 0000000000001000
TDO(16): 0000000000000001
Update_IR
Select_DR_Scan
Capture_DR
Shift_DR
Exit1_DR
TDI(160): 0000000000000000000000000000000000000000000000000000000000000000000000000000000000000000000010001011000000000000000000000000000000000000000000000000000000000000
TDO(160): 0000000000000000000000000000000000000000000000000000000000000000000000000000000000000000001001001011000000000000000000000000000000000000000000000000000000000000
Update_DR
Run_Test_IDLE
Select_DR_Scan
Select_IR_Scan
Capture_IR
Shift_IR
Exit1_IR
TDI(16): 0000000000001100
TDO(16): 0000000000000001
Update_IR
Select_DR_Scan
Capture_DR
Shift_DR
Exit1_DR
TDI(128): 00000000000000000000000000000000000000000000000000000000000000000000000000000000000000000000000000000000000000000000000000000000
TDO(128): 00000000000000000000000000000000000000000000000000000000000000000000000000000011000000000000000000000000000000000000000000000000
Update_DR
Select_DR_Scan
Select_IR_Scan
Capture_IR
Shift_IR
Exit1_IR
TDI(16): 0000000000001010
TDO(16): 0000000000000001
Update_IR
Select_DR_Scan
Capture_DR
Shift_DR
Exit1_DR
TDI(16): 0000000001000000
TDO(16): 0000000001000000
Update_DR
Select_DR_Scan
Select_IR_Scan
Capture_IR
Shift_IR
Exit1_IR
TDI(16): 0000000000001000
TDO(16): 0000000000000001
Update_IR
Select_DR_Scan
Capture_DR
Shift_DR
Exit1_DR
TDI(160): 0000000000000000000000000000000000000000000000000000000000000000000000000000000000000000000100000111000000000000000000000000000000000000000000000000000000000000
TDO(160): 0000000000000000000000000000000000000000000000000000000000000000000000000000000000000000001010001011000000000000000000000000000000000000000000000000000000000000
Update_DR
Run_Test_IDLE
Select_DR_Scan
Select_IR_Scan
Capture_IR
Shift_IR
Exit1_IR
TDI(16): 0000000000001100
TDO(16): 0000000000000001
Update_IR
Select_DR_Scan
Capture_DR
Shift_DR
Exit1_DR
TDI(128): 00000000000000000000000000000000000000000000000000000000000000000000000000000000000000000000000000000000000000000000000000000000
TDO(128): 00000000000000000000000000000000000000000000000000000000000000000000000000000011000000000000000000000000000000000000000000000000
Update_DR
Select_DR_Scan
Select_IR_Scan
Capture_IR
Shift_IR
Exit1_IR
TDI(16): 0000000000001010
TDO(16): 0000000000000001
Update_IR
Select_DR_Scan
Capture_DR
Shift_DR
Exit1_DR
TDI(16): 0000000010000000
TDO(16): 0000000001000000
Update_DR
Select_DR_Scan
Select_IR_Scan
Capture_IR
Shift_IR
Exit1_IR
TDI(16): 0000000000001000
TDO(16): 0000000000000001
Update_IR
Select_DR_Scan
Capture_DR
Shift_DR
Exit1_DR
TDI(160): 0000000000000000000000000000000000000000000000000000000000000000000000000000000000000111010000000000000000000000000000000000000000000000000000000000000000000000
TDO(160): 0000000000000000000000000000000000000000000000000000000000000000000000000000000010000000000100000111000000000000000000000000000000000000000000000000000000000000
Update_DR
Run_Test_IDLE
Select_DR_Scan
Select_IR_Scan
Capture_IR
Shift_IR
Exit1_IR
TDI(16): 0000000000001100
TDO(16): 0000000000000001
Update_IR
Select_DR_Scan
Capture_DR
Shift_DR
Exit1_DR
TDI(128): 00000000000000000000000000000000000000000000000000000000000000000000000000000000000000000000000000000000000000000000000000000000
TDO(128): 00000000000000000000000000000000000000000000000000000000000000000000001100000000000000000000000000000000000000000000000000000000
Update_DR
Select_DR_Scan
Select_IR_Scan
Capture_IR
Shift_IR
Exit1_IR
TDI(16): 0000000000001010
TDO(16): 0000000000000001
Update_IR
Select_DR_Scan
Capture_DR
Shift_DR
Exit1_DR
TDI(16): 0000000010000000
TDO(16): 0000000010000000
Update_DR
Select_DR_Scan
Select_IR_Scan
Capture_IR
Shift_IR
Exit1_IR
TDI(16): 0000000000001000
TDO(16): 0000000000000001
Update_IR
Select_DR_Scan
Capture_DR
Shift_DR
Exit1_DR
TDI(160): 0000000000000000000000000000000000000000000000000000000000000000000000000000000000001011010000000000000000000000000000000000000000000000000000000000000000000000
TDO(160): 0000000000000000000000000000000000000000000000000000000000000000000000000000000010000111010000000000000000000000000000000000000000000000000000000000000000000000
Update_DR
Run_Test_IDLE
Select_DR_Scan
Select_IR_Scan
Capture_IR
Shift_IR
Exit1_IR
TDI(16): 0000000000001100
TDO(16): 0000000000000001
Update_IR
Select_DR_Scan
Capture_DR
Shift_DR
Exit1_DR
TDI(128): 00000000000000000000000000000000000000000000000000000000000000000000000000000000000000000000000000000000000000000000000000000000
TDO(128): 00000000000000000000000000000000000000000000000000000000000000000000001100000000000000000000000000000000000000000000000000000000
Update_DR
Select_DR_Scan
Select_IR_Scan
Capture_IR
Shift_IR
Exit1_IR
TDI(16): 0000000000001010
TDO(16): 0000000000000001
Update_IR
Select_DR_Scan
Capture_DR
Shift_DR
Exit1_DR
TDI(16): 0000000010000000
TDO(16): 0000000010000000
Update_DR
Select_DR_Scan
Select_IR_Scan
Capture_IR
Shift_IR
Exit1_IR
TDI(16): 0000000000001000
TDO(16): 0000000000000001
Update_IR
Select_DR_Scan
Capture_DR
Shift_DR
Exit1_DR
TDI(160): 0000000000000000000000000000000000000000000000000000000000000000000000000000000000010010110000000000000000000000000000000000000000000000000000000000000000000000
TDO(160): 0000000000000000000000000000000000000000000000000000000000000000000000000000000010001011010000000000000000000000000000000000000000000000000000000000000000000000
Update_DR
Run_Test_IDLE
Select_DR_Scan
Select_IR_Scan
Capture_IR
Shift_IR
Exit1_IR
TDI(16): 0000000000001100
TDO(16): 0000000000000001
Update_IR
Select_DR_Scan
Capture_DR
Shift_DR
Exit1_DR
TDI(128): 00000000000000000000000000000000000000000000000000000000000000000000000000000000000000000000000000000000000000000000000000000000
TDO(128): 00000000000000000000000000000000000000000000000000000000000000000000001100000000000000000000000000000000000000000000000000000000
Update_DR
Select_DR_Scan
Select_IR_Scan
Capture_IR
Shift_IR
Exit1_IR
TDI(16): 0000000000001010
TDO(16): 0000000000000001
Update_IR
Select_DR_Scan
Capture_DR
Shift_DR
Exit1_DR
TDI(16): 0000000010000000
TDO(16): 0000000010000000
Update_DR
Select_DR_Scan
Select_IR_Scan
Capture_IR
Shift_IR
Exit1_IR
TDI(16): 0000000000001000
TDO(16): 0000000000000001
Update_IR
Select_DR_Scan
Capture_DR
Shift_DR
Exit1_DR
TDI(160): 0000000000000000000000000000000000000000000000000000000000000000000000000000000000100010110000000000000000000000000000000000000000000000000000000000000000000000
TDO(160): 0000000000000000000000000000000000000000000000000000000000000000000000000000000010010010110000000000000000000000000000000000000000000000000000000000000000000000
Update_DR
Run_Test_IDLE
Select_DR_Scan
Select_IR_Scan
Capture_IR
Shift_IR
Exit1_IR
TDI(16): 0000000000001100
TDO(16): 0000000000000001
Update_IR
Select_DR_Scan
Capture_DR
Shift_DR
Exit1_DR
TDI(128): 00000000000000000000000000000000000000000000000000000000000000000000000000000000000000000000000000000000000000000000000000000000
TDO(128): 00000000000000000000000000000000000000000000000000000000000000000000001100000000000000000000000000000000000000000000000000000000
Update_DR
Select_DR_Scan
Select_IR_Scan
Capture_IR
Shift_IR
Exit1_IR
TDI(16): 0000000000001010
TDO(16): 0000000000000001
Update_IR
Select_DR_Scan
Capture_DR
Shift_DR
Exit1_DR
TDI(16): 0000000010000000
TDO(16): 0000000010000000
Update_DR
Select_DR_Scan
Select_IR_Scan
Capture_IR
Shift_IR
Exit1_IR
TDI(16): 0000000000001000
TDO(16): 0000000000000001
Update_IR
Select_DR_Scan
Capture_DR
Shift_DR
Exit1_DR
TDI(160): 0000000000000000000000000000000000000000000000000000000000000000000000000000000001000001110000000000000000000000000000000000000000000000000000000000000000000000
TDO(160): 0000000000000000000000000000000000000000000000000000000000000000000000000000000010100010110000000000000000000000000000000000000000000000000000000000000000000000
Update_DR
Run_Test_IDLE
Select_DR_Scan
Select_IR_Scan
Capture_IR
Shift_IR
Exit1_IR
TDI(16): 0000000000001100
TDO(16): 0000000000000001
Update_IR
Select_DR_Scan
Capture_DR
Shift_DR
Exit1_DR
TDI(128): 00000000000000000000000000000000000000000000000000000000000000000000000000000000000000000000000000000000000000000000000000000000
TDO(128): 00000000000000000000000000000000000000000000000000000000000000000000001100000000000000000000000000000000000000000000000000000000
Update_DR
Select_DR_Scan
Select_IR_Scan
Capture_IR
Shift_IR
Exit1_IR
TDI(16): 0000000000001010
TDO(16): 0000000000000001
Update_IR
Select_DR_Scan
Capture_DR
Shift_DR
Exit1_DR
TDI(16): 0000000100000000
TDO(16): 0000000010000000
Update_DR
Select_DR_Scan
Select_IR_Scan
Capture_IR
Shift_IR
Exit1_IR
TDI(16): 0000000000001000
TDO(16): 0000000000000001
Update_IR
Select_DR_Scan
Capture_DR
Shift_DR
Exit1_DR
TDI(160): 0000000000000000000000000000000000000000000000000000000000000000000000000001110100000000000000000000000000000000000000000000000000000000000000000000000000000000
TDO(160): 0000000000000000000000000000000000000000000000000000000000000000000000100000000001000001110000000000000000000000000000000000000000000000000000000000000000000000
Update_DR
Run_Test_IDLE
Select_DR_Scan
Select_IR_Scan
Capture_IR
Shift_IR
Exit1_IR
TDI(16): 0000000000001100
TDO(16): 0000000000000001
Update_IR
Select_DR_Scan
Capture_DR
Shift_DR
Exit1_DR
TDI(128): 00000000000000000000000000000000000000000000000000000000000000000000000000000000000000000000000000000000000000000000000000000000
TDO(128): 00000000000000000000000000000000000000000000000000000000000000110000000000000000000000000000000000000000000000000000000000000000
Update_DR
Select_DR_Scan
Select_IR_Scan
Capture_IR
Shift_IR
Exit1_IR
TDI(16): 0000000000001010
TDO(16): 0000000000000001
Update_IR
Select_DR_Scan
Capture_DR
Shift_DR
Exit1_DR
TDI(16): 0000000100000000
TDO(16): 0000000100000000
Update_DR
Select_DR_Scan
Select_IR_Scan
Capture_IR
Shift_IR
Exit1_IR
TDI(16): 0000000000001000
TDO(16): 0000000000000001
Update_IR
Select_DR_Scan
Capture_DR
Shift_DR
Exit1_DR
TDI(160): 0000000000000000000000000000000000000000000000000000000000000000000000000010110100000000000000000000000000000000000000000000000000000000000000000000000000000000
TDO(160): 0000000000000000000000000000000000000000000000000000000000000000000000100001110100000000000000000000000000000000000000000000000000000000000000000000000000000000
Update_DR
Run_Test_IDLE
Select_DR_Scan
Select_IR_Scan
Capture_IR
Shift_IR
Exit1_IR
TDI(16): 0000000000001100
TDO(16): 0000000000000001
Update_IR
Select_DR_Scan
Capture_DR
Shift_DR
Exit1_DR
TDI(128): 00000000000000000000000000000000000000000000000000000000000000000000000000000000000000000000000000000000000000000000000000000000
TDO(128): 00000000000000000000000000000000000000000000000000000000000000110000000000000000000000000000000000000000000000000000000000000000
Update_DR
Select_DR_Scan
Select_IR_Scan
Capture_IR
Shift_IR
Exit1_IR
TDI(16): 0000000000001010
TDO(16): 0000000000000001
Update_IR
Select_DR_Scan
Capture_DR
Shift_DR
Exit1_DR
TDI(16): 0000000100000000
TDO(16): 0000000100000000
Update_DR
Select_DR_Scan
Select_IR_Scan
Capture_IR
Shift_IR
Exit1_IR
TDI(16): 0000000000001000
TDO(16): 0000000000000001
Update_IR
Select_DR_Scan
Capture_DR
Shift_DR
Exit1_DR
TDI(160): 0000000000000000000000000000000000000000000000000000000000000000000000000100101100000000000000000000000000000000000000000000000000000000000000000000000000000000
TDO(160): 0000000000000000000000000000000000000000000000000000000000000000000000100010110100000000000000000000000000000000000000000000000000000000000000000000000000000000
Update_DR
Run_Test_IDLE
Select_DR_Scan
Select_IR_Scan
Capture_IR
Shift_IR
Exit1_IR
TDI(16): 0000000000001100
TDO(16): 0000000000000001
Update_IR
Select_DR_Scan
Capture_DR
Shift_DR
Exit1_DR
TDI(128): 00000000000000000000000000000000000000000000000000000000000000000000000000000000000000000000000000000000000000000000000000000000
TDO(128): 00000000000000000000000000000000000000000000000000000000000000110000000000000000000000000000000000000000000000000000000000000000
Update_DR
Select_DR_Scan
Select_IR_Scan
Capture_IR
Shift_IR
Exit1_IR
TDI(16): 0000000000001010
TDO(16): 0000000000000001
Update_IR
Select_DR_Scan
Capture_DR
Shift_DR
Exit1_DR
TDI(16): 0000000100000000
TDO(16): 0000000100000000
Update_DR
Select_DR_Scan
Select_IR_Scan
Capture_IR
Shift_IR
Exit1_IR
TDI(16): 0000000000001000
TDO(16): 0000000000000001
Update_IR
Select_DR_Scan
Capture_DR
Shift_DR
Exit1_DR
TDI(160): 0000000000000000000000000000000000000000000000000000000000000000000000001000101100000000000000000000000000000000000000000000000000000000000000000000000000000000
TDO(160): 0000000000000000000000000000000000000000000000000000000000000000000000100100101100000000000000000000000000000000000000000000000000000000000000000000000000000000
Update_DR
Run_Test_IDLE
Select_DR_Scan
Select_IR_Scan
Capture_IR
Shift_IR
Exit1_IR
TDI(16): 0000000000001100
TDO(16): 0000000000000001
Update_IR
Select_DR_Scan
Capture_DR
Shift_DR
Exit1_DR
TDI(128): 00000000000000000000000000000000000000000000000000000000000000000000000000000000000000000000000000000000000000000000000000000000
TDO(128): 00000000000000000000000000000000000000000000000000000000000000110000000000000000000000000000000000000000000000000000000000000000
Update_DR
Select_DR_Scan
Select_IR_Scan
Capture_IR
Shift_IR
Exit1_IR
TDI(16): 0000000000001010
TDO(16): 0000000000000001
Update_IR
Select_DR_Scan
Capture_DR
Shift_DR
Exit1_DR
TDI(16): 0000000100000000
TDO(16): 0000000100000000
Update_DR
Select_DR_Scan
Select_IR_Scan
Capture_IR
Shift_IR
Exit1_IR
TDI(16): 0000000000001000
TDO(16): 0000000000000001
Update_IR
Select_DR_Scan
Capture_DR
Shift_DR
Exit1_DR
TDI(160): 0000000000000000000000000000000000000000000000000000000000000000000000010000011100000000000000000000000000000000000000000000000000000000000000000000000000000000
TDO(160): 0000000000000000000000000000000000000000000000000000000000000000000000101000101100000000000000000000000000000000000000000000000000000000000000000000000000000000
Update_DR
Run_Test_IDLE
Select_DR_Scan
Select_IR_Scan
Capture_IR
Shift_IR
Exit1_IR
TDI(16): 0000000000001100
TDO(16): 0000000000000001
Update_IR
Select_DR_Scan
Capture_DR
Shift_DR
Exit1_DR
TDI(128): 00000000000000000000000000000000000000000000000000000000000000000000000000000000000000000000000000000000000000000000000000000000
TDO(128): 00000000000000000000000000000000000000000000000000000000000000110000000000000000000000000000000000000000000000000000000000000000
Update_DR
Select_DR_Scan
Select_IR_Scan
Capture_IR
Shift_IR
Exit1_IR
TDI(16): 0000000000001010
TDO(16): 0000000000000001
Update_IR
Select_DR_Scan
Capture_DR
Shift_DR
Exit1_DR
TDI(16): 0000001000000000
TDO(16): 0000000100000000
Update_DR
Select_DR_Scan
Select_IR_Scan
Capture_IR
Shift_IR
Exit1_IR
TDI(16): 0000000000001000
TDO(16): 0000000000000001
Update_IR
Select_DR_Scan
Capture_DR
Shift_DR
Exit1_DR
TDI(160): 0000000000000000000000000000000000000000000000000000000000000000011101000000000000000000000000000000000000000000000000000000000000000000000000000000000000000000
TDO(160): 0000000000000000000000000000000000000000000000000000000000001000000000010000011100000000000000000000000000000000000000000000000000000000000000000000000000000000
Update_DR
Run_Test_IDLE
Select_DR_Scan
Select_IR_Scan
Capture_IR
Shift_IR
Exit1_IR
TDI(16): 0000000000001100
TDO(16): 0000000000000001
Update_IR
Select_DR_Scan
Capture_DR
Shift_DR
Exit1_DR
TDI(128): 00000000000000000000000000000000000000000000000000000000000000000000000000000000000000000000000000000000000000000000000000000000
TDO(128): 00000000000000000000000000000000000000000000000000000011000000000000000000000000000000000000000000000000000000000000000000000000
Update_DR
Select_DR_Scan
Select_IR_Scan
Capture_IR
Shift_IR
Exit1_IR
TDI(16): 0000000000001010
TDO(16): 0000000000000001
Update_IR
Select_DR_Scan
Capture_DR
Shift_DR
Exit1_DR
TDI(16): 0000001000000000
TDO(16): 0000001000000000
Update_DR
Select_DR_Scan
Select_IR_Scan
Capture_IR
Shift_IR
Exit1_IR
TDI(16): 0000000000001000
TDO(16): 0000000000000001
Update_IR
Select_DR_Scan
Capture_DR
Shift_DR
Exit1_DR
TDI(160): 0000000000000000000000000000000000000000000000000000000000000000101101000000000000000000000000000000000000000000000000000000000000000000000000000000000000000000
TDO(160): 0000000000000000000000000000000000000000000000000000000000001000011101000000000000000000000000000000000000000000000000000000000000000000000000000000000000000000
Update_DR
Run_Test_IDLE
Select_DR_Scan
Select_IR_Scan
Capture_IR
Shift_IR
Exit1_IR
TDI(16): 0000000000001100
TDO(16): 0000000000000001
Update_IR
Select_DR_Scan
Capture_DR
Shift_DR
Exit1_DR
TDI(128): 00000000000000000000000000000000000000000000000000000000000000000000000000000000000000000000000000000000000000000000000000000000
TDO(128): 00000000000000000000000000000000000000000000000000000011000000000000000000000000000000000000000000000000000000000000000000000000
Update_DR
Select_DR_Scan
Select_IR_Scan
Capture_IR
Shift_IR
Exit1_IR
TDI(16): 0000000000001010
TDO(16): 0000000000000001
Update_IR
Select_DR_Scan
Capture_DR
Shift_DR
Exit1_DR
TDI(16): 0000001000000000
TDO(16): 0000001000000000
Update_DR
Select_DR_Scan
Select_IR_Scan
Capture_IR
Shift_IR
Exit1_IR
TDI(16): 0000000000001000
TDO(16): 0000000000000001
Update_IR
Select_DR_Scan
Capture_DR
Shift_DR
Exit1_DR
TDI(160): 0000000000000000000000000000000000000000000000000000000000000001001011000000000000000000000000000000000000000000000000000000000000000000000000000000000000000000
TDO(160): 0000000000000000000000000000000000000000000000000000000000001000101101000000000000000000000000000000000000000000000000000000000000000000000000000000000000000000
Update_DR
Run_Test_IDLE
Select_DR_Scan
Select_IR_Scan
Capture_IR
Shift_IR
Exit1_IR
TDI(16): 0000000000001100
TDO(16): 0000000000000001
Update_IR
Select_DR_Scan
Capture_DR
Shift_DR
Exit1_DR
TDI(128): 00000000000000000000000000000000000000000000000000000000000000000000000000000000000000000000000000000000000000000000000000000000
TDO(128): 00000000000000000000000000000000000000000000000000000011000000000000000000000000000000000000000000000000000000000000000000000000
Update_DR
Select_DR_Scan
Select_IR_Scan
Capture_IR
Shift_IR
Exit1_IR
TDI(16): 0000000000001010
TDO(16): 0000000000000001
Update_IR
Select_DR_Scan
Capture_DR
Shift_DR
Exit1_DR
TDI(16): 0000001000000000
TDO(16): 0000001000000000
Update_DR
Select_DR_Scan
Select_IR_Scan
Capture_IR
Shift_IR
Exit1_IR
TDI(16): 0000000000001000
TDO(16): 0000000000000001
Update_IR
Select_DR_Scan
Capture_DR
Shift_DR
Exit1_DR
TDI(160): 0000000000000000000000000000000000000000000000000000000000000010001011000000000000000000000000000000000000000000000000000000000000000000000000000000000000000000
TDO(160): 0000000000000000000000000000000000000000000000000000000000001001001011000000000000000000000000000000000000000000000000000000000000000000000000000000000000000000
Update_DR
Run_Test_IDLE
Select_DR_Scan
Select_IR_Scan
Capture_IR
Shift_IR
Exit1_IR
TDI(16): 0000000000001100
TDO(16): 0000000000000001
Update_IR
Select_DR_Scan
Capture_DR
Shift_DR
Exit1_DR
TDI(128): 00000000000000000000000000000000000000000000000000000000000000000000000000000000000000000000000000000000000000000000000000000000
TDO(128): 00000000000000000000000000000000000000000000000000000011000000000000000000000000000000000000000000000000000000000000000000000000
Update_DR
Select_DR_Scan
Select_IR_Scan
Capture_IR
Shift_IR
Exit1_IR
TDI(16): 0000000000001010
TDO(16): 0000000000000001
Update_IR
Select_DR_Scan
Capture_DR
Shift_DR
Exit1_DR
TDI(16): 0000001000000000
TDO(16): 0000001000000000
Update_DR
Select_DR_Scan
Select_IR_Scan
Capture_IR
Shift_IR
Exit1_IR
TDI(16): 0000000000001000
TDO(16): 0000000000000001
Update_IR
Select_DR_Scan
Capture_DR
Shift_DR
Exit1_DR
TDI(160): 0000000000000000000000000000000000000000000000000000000000000100000111000000000000000000000000000000000000000000000000000000000000000000000000000000000000000000
TDO(160): 0000000000000000000000000000000000000000000000000000000000001010001011000000000000000000000000000000000000000000000000000000000000000000000000000000000000000000
Update_DR
Run_Test_IDLE
Select_DR_Scan
Select_IR_Scan
Capture_IR
Shift_IR
Exit1_IR
TDI(16): 0000000000001100
TDO(16): 0000000000000001
Update_IR
Select_DR_Scan
Capture_DR
Shift_DR
Exit1_DR
TDI(128): 00000000000000000000000000000000000000000000000000000000000000000000000000000000000000000000000000000000000000000000000000000000
TDO(128): 00000000000000000000000000000000000000000000000000000011000000000000000000000000000000000000000000000000000000000000000000000000
Update_DR
Select_DR_Scan
Select_IR_Scan
Capture_IR
Shift_IR
Exit1_IR
TDI(16): 0000000000001010
TDO(16): 0000000000000001
Update_IR
Select_DR_Scan
Capture_DR
Shift_DR
Exit1_DR
TDI(16): 0000010000000000
TDO(16): 0000001000000000
Update_DR
Select_DR_Scan
Select_IR_Scan
Capture_IR
Shift_IR
Exit1_IR
TDI(16): 0000000000001000
TDO(16): 0000000000000001
Update_IR
Select_DR_Scan
Capture_DR
Shift_DR
Exit1_DR
TDI(160): 0000000000000000000000000000000000000000000000000000000111010000000000000000000000000000000000000000000000000000000000000000000000000000000000000000000000000000
TDO(160): 0000000000000000000000000000000000000000000000000010000000000100000111000000000000000000000000000000000000000000000000000000000000000000000000000000000000000000
Update_DR
Run_Test_IDLE
Select_DR_Scan
Select_IR_Scan
Capture_IR
Shift_IR
Exit1_IR
TDI(16): 0000000000001100
TDO(16): 0000000000000001
Update_IR
Select_DR_Scan
Capture_DR
Shift_DR
Exit1_DR
TDI(128): 00000000000000000000000000000000000000000000000000000000000000000000000000000000000000000000000000000000000000000000000000000000
TDO(128): 00000000000000000000000000000000000000000000001100000000000000000000000000000000000000000000000000000000000000000000000000000000
Update_DR
Select_DR_Scan
Select_IR_Scan
Capture_IR
Shift_IR
Exit1_IR
TDI(16): 0000000000001010
TDO(16): 0000000000000001
Update_IR
Select_DR_Scan
Capture_DR
Shift_DR
Exit1_DR
TDI(16): 0000010000000000
TDO(16): 0000010000000000
Update_DR
Select_DR_Scan
Select_IR_Scan
Capture_IR
Shift_IR
Exit1_IR
TDI(16): 0000000000001000
TDO(16): 0000000000000001
Update_IR
Select_DR_Scan
Capture_DR
Shift_DR
Exit1_DR
TDI(160): 0000000000000000000000000000000000000000000000000000001011010000000000000000000000000000000000000000000000000000000000000000000000000000000000000000000000000000
TDO(160): 0000000000000000000000000000000000000000000000000010000111010000000000000000000000000000000000000000000000000000000000000000000000000000000000000000000000000000
Update_DR
Run_Test_IDLE
Select_DR_Scan
Select_IR_Scan
Capture_IR
Shift_IR
Exit1_IR
TDI(16): 0000000000001100
TDO(16): 0000000000000001
Update_IR
Select_DR_Scan
Capture_DR
Shift_DR
Exit1_DR
TDI(128): 00000000000000000000000000000000000000000000000000000000000000000000000000000000000000000000000000000000000000000000000000000000
TDO(128): 00000000000000000000000000000000000000000000001100000000000000000000000000000000000000000000000000000000000000000000000000000000
Update_DR
Select_DR_Scan
Select_IR_Scan
Capture_IR
Shift_IR
Exit1_IR
TDI(16): 0000000000001010
TDO(16): 0000000000000001
Update_IR
Select_DR_Scan
Capture_DR
Shift_DR
Exit1_DR
TDI(16): 0000010000000000
TDO(16): 0000010000000000
Update_DR
Select_DR_Scan
Select_IR_Scan
Capture_IR
Shift_IR
Exit1_IR
TDI(16): 0000000000001000
TDO(16): 0000000000000001
Update_IR
Select_DR_Scan
Capture_DR
Shift_DR
Exit1_DR
TDI(160): 0000000000000000000000000000000000000000000000000000010010110000000000000000000000000000000000000000000000000000000000000000000000000000000000000000000000000000
TDO(160): 0000000000000000000000000000000000000000000000000010001011010000000000000000000000000000000000000000000000000000000000000000000000000000000000000000000000000000
Update_DR
Run_Test_IDLE
Select_DR_Scan
Select_IR_Scan
Capture_IR
Shift_IR
Exit1_IR
TDI(16): 0000000000001100
TDO(16): 0000000000000001
Update_IR
Select_DR_Scan
Capture_DR
Shift_DR
Exit1_DR
TDI(128): 00000000000000000000000000000000000000000000000000000000000000000000000000000000000000000000000000000000000000000000000000000000
TDO(128): 00000000000000000000000000000000000000000000001100000000000000000000000000000000000000000000000000000000000000000000000000000000
Update_DR
Select_DR_Scan
Select_IR_Scan
Capture_IR
Shift_IR
Exit1_IR
TDI(16): 0000000000001010
TDO(16): 0000000000000001
Update_IR
Select_DR_Scan
Capture_DR
Shift_DR
Exit1_DR
TDI(16): 0000010000000000
TDO(16): 0000010000000000
Update_DR
Select_DR_Scan
Select_IR_Scan
Capture_IR
Shift_IR
Exit1_IR
TDI(16): 0000000000001000
TDO(16): 0000000000000001
Update_IR
Select_DR_Scan
Capture_DR
Shift_DR
Exit1_DR
TDI(160): 0000000000000000000000000000000000000000000000000000100010110000000000000000000000000000000000000000000000000000000000000000000000000000000000000000000000000000
TDO(160): 0000000000000000000000000000000000000000000000000010010010110000000000000000000000000000000000000000000000000000000000000000000000000000000000000000000000000000
Update_DR
Run_Test_IDLE
Select_DR_Scan
Select_IR_Scan
Capture_IR
Shift_IR
Exit1_IR
TDI(16): 0000000000001100
TDO(16): 0000000000000001
Update_IR
Select_DR_Scan
Capture_DR
Shift_DR
Exit1_DR
TDI(128): 00000000000000000000000000000000000000000000000000000000000000000000000000000000000000000000000000000000000000000000000000000000
TDO(128): 00000000000000000000000000000000000000000000001100000000000000000000000000000000000000000000000000000000000000000000000000000000
Update_DR
Select_DR_Scan
Select_IR_Scan
Capture_IR
Shift_IR
Exit1_IR
TDI(16): 0000000000001010
TDO(16): 0000000000000001
Update_IR
Select_DR_Scan
Capture_DR
Shift_DR
Exit1_DR
TDI(16): 0000010000000000
TDO(16): 0000010000000000
Update_DR
Select_DR_Scan
Select_IR_Scan
Capture_IR
Shift_IR
Exit1_IR
TDI(16): 0000000000001000
TDO(16): 0000000000000001
Update_IR
Select_DR_Scan
Capture_DR
Shift_DR
Exit1_DR
TDI(160): 0000000000000000000000000000000000000000000000000001000001110000000000000000000000000000000000000000000000000000000000000000000000000000000000000000000000000000
TDO(160): 0000000000000000000000000000000000000000000000000010100010110000000000000000000000000000000000000000000000000000000000000000000000000000000000000000000000000000
Update_DR
Run_Test_IDLE
Select_DR_Scan
Select_IR_Scan
Capture_IR
Shift_IR
Exit1_IR
TDI(16): 0000000000001100
TDO(16): 0000000000000001
Update_IR
Select_DR_Scan
Capture_DR
Shift_DR
Exit1_DR
TDI(128): 00000000000000000000000000000000000000000000000000000000000000000000000000000000000000000000000000000000000000000000000000000000
TDO(128): 00000000000000000000000000000000000000000100001100000000000000000000000000000000000000000000000000000000000000000000000000000000
Update_DR
Select_DR_Scan
Select_IR_Scan
Capture_IR
Shift_IR
Exit1_IR
TDI(16): 0000000000001010
TDO(16): 0000000000000001
Update_IR
Select_DR_Scan
Capture_DR
Shift_DR
Exit1_DR
TDI(16): 0000100000000000
TDO(16): 0000010000000000
Update_DR
Select_DR_Scan
Select_IR_Scan
Capture_IR
Shift_IR
Exit1_IR
TDI(16): 0000000000001000
TDO(16): 0000000000000001
Update_IR
Select_DR_Scan
Capture_DR
Shift_DR
Exit1_DR
TDI(160): 0000000000000000000000000000000000000000000001110100000000000000000000000000000000000000000000000000000000000000000000000000000000000000000000000000000000000000
TDO(160): 0000000000000000000000000000000000000000100000000001000001110000000000000000000000000000000000000000000000000000000000000000000000000000000000000000000000000000
Update_DR
Run_Test_IDLE
Select_DR_Scan
Select_IR_Scan
Capture_IR
Shift_IR
Exit1_IR
TDI(16): 0000000000001100
TDO(16): 0000000000000001
Update_IR
Select_DR_Scan
Capture_DR
Shift_DR
Exit1_DR
TDI(128): 00000000000000000000000000000000000000000000000000000000000000000000000000000000000000000000000000000000000000000000000000000000
TDO(128): 00000000000000000000000000000000000000110000000000000000000000000000000000000000000000000000000000000000000000000000000000000000
Update_DR
Select_DR_Scan
Select_IR_Scan
Capture_IR
Shift_IR
Exit1_IR
TDI(16): 0000000000001010
TDO(16): 0000000000000001
Update_IR
Select_DR_Scan
Capture_DR
Shift_DR
Exit1_DR
TDI(16): 0000100000000000
TDO(16): 0000100000000000
Update_DR
Select_DR_Scan
Select_IR_Scan
Capture_IR
Shift_IR
Exit1_IR
TDI(16): 0000000000001000
TDO(16): 0000000000000001
Update_IR
Select_DR_Scan
Capture_DR
Shift_DR
Exit1_DR
TDI(160): 0000000000000000000000000000000000000000000010110100000000000000000000000000000000000000000000000000000000000000000000000000000000000000000000000000000000000000
TDO(160): 0000000000000000000000000000000000000000100001110100000000000000000000000000000000000000000000000000000000000000000000000000000000000000000000000000000000000000
Update_DR
Run_Test_IDLE
Select_DR_Scan
Select_IR_Scan
Capture_IR
Shift_IR
Exit1_IR
TDI(16): 0000000000001100
TDO(16): 0000000000000001
Update_IR
Select_DR_Scan
Capture_DR
Shift_DR
Exit1_DR
TDI(128): 00000000000000000000000000000000000000000000000000000000000000000000000000000000000000000000000000000000000000000000000000000000
TDO(128): 00000000000000000000000000000000000000110000000000000000000000000000000000000000000000000000000000000000000000000000000000000000
Update_DR
Select_DR_Scan
Select_IR_Scan
Capture_IR
Shift_IR
Exit1_IR
TDI(16): 0000000000001010
TDO(16): 0000000000000001
Update_IR
Select_DR_Scan
Capture_DR
Shift_DR
Exit1_DR
TDI(16): 0000100000000000
TDO(16): 0000100000000000
Update_DR
Select_DR_Scan
Select_IR_Scan
Capture_IR
Shift_IR
Exit1_IR
TDI(16): 0000000000001000
TDO(16): 0000000000000001
Update_IR
Select_DR_Scan
Capture_DR
Shift_DR
Exit1_DR
TDI(160): 0000000000000000000000000000000000000000000100101100000000000000000000000000000000000000000000000000000000000000000000000000000000000000000000000000000000000000
TDO(160): 0000000000000000000000000000000000000000100010110100000000000000000000000000000000000000000000000000000000000000000000000000000000000000000000000000000000000000
Update_DR
Run_Test_IDLE
Select_DR_Scan
Select_IR_Scan
Capture_IR
Shift_IR
Exit1_IR
TDI(16): 0000000000001100
TDO(16): 0000000000000001
Update_IR
Select_DR_Scan
Capture_DR
Shift_DR
Exit1_DR
TDI(128): 00000000000000000000000000000000000000000000000000000000000000000000000000000000000000000000000000000000000000000000000000000000
TDO(128): 00000000000000000000000000000000000000110000000000000000000000000000000000000000000000000000000000000000000000000000000000000000
Update_DR
Select_DR_Scan
Select_IR_Scan
Capture_IR
Shift_IR
Exit1_IR
TDI(16): 0000000000001010
TDO(16): 0000000000000001
Update_IR
Select_DR_Scan
Capture_DR
Shift_DR
Exit1_DR
TDI(16): 0000100000000000
TDO(16): 0000100000000000
Update_DR
Select_DR_Scan
Select_IR_Scan
Capture_IR
Shift_IR
Exit1_IR
TDI(16): 0000000000001000
TDO(16): 0000000000000001
Update_IR
Select_DR_Scan
Capture_DR
Shift_DR
Exit1_DR
TDI(160): 0000000000000000000000000000000000000000001000101100000000000000000000000000000000000000000000000000000000000000000000000000000000000000000000000000000000000000
TDO(160): 0000000000000000000000000000000000000000100100101100000000000000000000000000000000000000000000000000000000000000000000000000000000000000000000000000000000000000
Update_DR
Run_Test_IDLE
Select_DR_Scan
Select_IR_Scan
Capture_IR
Shift_IR
Exit1_IR
TDI(16): 0000000000001100
TDO(16): 0000000000000001
Update_IR
Select_DR_Scan
Capture_DR
Shift_DR
Exit1_DR
TDI(128): 00000000000000000000000000000000000000000000000000000000000000000000000000000000000000000000000000000000000000000000000000000000
TDO(128): 00000000000000000000000000000000000000110000000000000000000000000000000000000000000000000000000000000000000000000000000000000000
Update_DR
Select_DR_Scan
Select_IR_Scan
Capture_IR
Shift_IR
Exit1_IR
TDI(16): 0000000000001010
TDO(16): 0000000000000001
Update_IR
Select_DR_Scan
Capture_DR
Shift_DR
Exit1_DR
TDI(16): 0000100000000000
TDO(16): 0000100000000000
Update_DR
Select_DR_Scan
Select_IR_Scan
Capture_IR
Shift_IR
Exit1_IR
TDI(16): 0000000000001000
TDO(16): 0000000000000001
Update_IR
Select_DR_Scan
Capture_DR
Shift_DR
Exit1_DR
TDI(160): 0000000000000000000000000000000000000000010000011100000000000000000000000000000000000000000000000000000000000000000000000000000000000000000000000000000000000000
TDO(160): 0000000000000000000000000000000000000000101000101100000000000000000000000000000000000000000000000000000000000000000000000000000000000000000000000000000000000000
Update_DR
Run_Test_IDLE
Select_DR_Scan
Select_IR_Scan
Capture_IR
Shift_IR
Exit1_IR
TDI(16): 0000000000001100
TDO(16): 0000000000000001
Update_IR
Select_DR_Scan
Capture_DR
Shift_DR
Exit1_DR
TDI(128): 00000000000000000000000000000000000000000000000000000000000000000000000000000000000000000000000000000000000000000000000000000000
TDO(128): 00000000000000000000000000000000000000110000000000000000000000000000000000000000000000000000000000000000000000000000000000000000
Update_DR
Select_DR_Scan
Select_IR_Scan
Capture_IR
Shift_IR
Exit1_IR
TDI(16): 0000000000001010
TDO(16): 0000000000000001
Update_IR
Select_DR_Scan
Capture_DR
Shift_DR
Exit1_DR
TDI(16): 0001000000000000
TDO(16): 0000100000000000
Update_DR
Select_DR_Scan
Select_IR_Scan
Capture_IR
Shift_IR
Exit1_IR
TDI(16): 0000000000001000
TDO(16): 0000000000000001
Update_IR
Select_DR_Scan
Capture_DR
Shift_DR
Exit1_DR
TDI(160): 0000000000000000000000000000000000011101000000000000000000000000000000000000000000000000000000000000000000000000000000000000000000000000000000000000000000000000
TDO(160): 0000000000000000000000000000001000000000010000011100000000000000000000000000000000000000000000000000000000000000000000000000000000000000000000000000000000000000
Update_DR
Run_Test_IDLE
Select_DR_Scan
Select_IR_Scan
Capture_IR
Shift_IR
Exit1_IR
TDI(16): 0000000000001100
TDO(16): 0000000000000001
Update_IR
Select_DR_Scan
Capture_DR
Shift_DR
Exit1_DR
TDI(128): 00000000000000000000000000000000000000000000000000000000000000000000000000000000000000000000000000000000000000000000000000000000
TDO(128): 00000000000000000000000000000011000000000000000000000000000000000000000000000000000000000000000000000000000000000000000000000000
Update_DR
Select_DR_Scan
Select_IR_Scan
Capture_IR
Shift_IR
Exit1_IR
TDI(16): 0000000000001010
TDO(16): 0000000000000001
Update_IR
Select_DR_Scan
Capture_DR
Shift_DR
Exit1_DR
TDI(16): 0001000000000000
TDO(16): 0001000000000000
Update_DR
Select_DR_Scan
Select_IR_Scan
Capture_IR
Shift_IR
Exit1_IR
TDI(16): 0000000000001000
TDO(16): 0000000000000001
Update_IR
Select_DR_Scan
Capture_DR
Shift_DR
Exit1_DR
TDI(160): 0000000000000000000000000000000000101101000000000000000000000000000000000000000000000000000000000000000000000000000000000000000000000000000000000000000000000000
TDO(160): 0000000000000000000000000000001000011101000000000000000000000000000000000000000000000000000000000000000000000000000000000000000000000000000000000000000000000000
Update_DR
Run_Test_IDLE
Select_DR_Scan
Select_IR_Scan
Capture_IR
Shift_IR
Exit1_IR
TDI(16): 0000000000001100
TDO(16): 0000000000000001
Update_IR
Select_DR_Scan
Capture_DR
Shift_DR
Exit1_DR
TDI(128): 00000000000000000000000000000000000000000000000000000000000000000000000000000000000000000000000000000000000000000000000000000000
TDO(128): 00000000000000000000000000000011000000000000000000000000000000000000000000000000000000000000000000000000000000000000000000000000
Update_DR
Select_DR_Scan
Select_IR_Scan
Capture_IR
Shift_IR
Exit1_IR
TDI(16): 0000000000001010
TDO(16): 0000000000000001
Update_IR
Select_DR_Scan
Capture_DR
Shift_DR
Exit1_DR
TDI(16): 0001000000000000
TDO(16): 0001000000000000
Update_DR
Select_DR_Scan
Select_IR_Scan
Capture_IR
Shift_IR
Exit1_IR
TDI(16): 0000000000001000
TDO(16): 0000000000000001
Update_IR
Select_DR_Scan
Capture_DR
Shift_DR
Exit1_DR
TDI(160): 0000000000000000000000000000000001001011000000000000000000000000000000000000000000000000000000000000000000000000000000000000000000000000000000000000000000000000
TDO(160): 0000000000000000000000000000001000101101000000000000000000000000000000000000000000000000000000000000000000000000000000000000000000000000000000000000000000000000
Update_DR
Run_Test_IDLE
Select_DR_Scan
Select_IR_Scan
Capture_IR
Shift_IR
Exit1_IR
TDI(16): 0000000000001100
TDO(16): 0000000000000001
Update_IR
Select_DR_Scan
Capture_DR
Shift_DR
Exit1_DR
TDI(128): 00000000000000000000000000000000000000000000000000000000000000000000000000000000000000000000000000000000000000000000000000000000
TDO(128): 00000000000000000000000000000011000000000000000000000000000000000000000000000000000000000000000000000000000000000000000000000000
Update_DR
Select_DR_Scan
Select_IR_Scan
Capture_IR
Shift_IR
Exit1_IR
TDI(16): 0000000000001010
TDO(16): 0000000000000001
Update_IR
Select_DR_Scan
Capture_DR
Shift_DR
Exit1_DR
TDI(16): 0001000000000000
TDO(16): 0001000000000000
Update_DR
Select_DR_Scan
Select_IR_Scan
Capture_IR
Shift_IR
Exit1_IR
TDI(16): 0000000000001000
TDO(16): 0000000000000001
Update_IR
Select_DR_Scan
Capture_DR
Shift_DR
Exit1_DR
TDI(160): 0000000000000000000000000000000010001011000000000000000000000000000000000000000000000000000000000000000000000000000000000000000000000000000000000000000000000000
TDO(160): 0000000000000000000000000000001001001011000000000000000000000000000000000000000000000000000000000000000000000000000000000000000000000000000000000000000000000000
Update_DR
Run_Test_IDLE
Select_DR_Scan
Select_IR_Scan
Capture_IR
Shift_IR
Exit1_IR
TDI(16): 0000000000001100
TDO(16): 0000000000000001
Update_IR
Select_DR_Scan
Capture_DR
Shift_DR
Exit1_DR
TDI(128): 00000000000000000000000000000000000000000000000000000000000000000000000000000000000000000000000000000000000000000000000000000000
TDO(128): 00000000000000000000000000000011000000000000000000000000000000000000000000000000000000000000000000000000000000000000000000000000
Update_DR
Select_DR_Scan
Select_IR_Scan
Capture_IR
Shift_IR
Exit1_IR
TDI(16): 0000000000001010
TDO(16): 0000000000000001
Update_IR
Select_DR_Scan
Capture_DR
Shift_DR
Exit1_DR
TDI(16): 0001000000000000
TDO(16): 0001000000000000
Update_DR
Select_DR_Scan
Select_IR_Scan
Capture_IR
Shift_IR
Exit1_IR
TDI(16): 0000000000001000
TDO(16): 0000000000000001
Update_IR
Select_DR_Scan
Capture_DR
Shift_DR
Exit1_DR
TDI(160): 0000000000000000000000000000000100000111000000000000000000000000000000000000000000000000000000000000000000000000000000000000000000000000000000000000000000000000
TDO(160): 0000000000000000000000000000001010001011000000000000000000000000000000000000000000000000000000000000000000000000000000000000000000000000000000000000000000000000
Update_DR
Run_Test_IDLE
Select_DR_Scan
Select_IR_Scan
Capture_IR
Shift_IR
Exit1_IR
TDI(16): 0000000000001100
TDO(16): 0000000000000001
Update_IR
Select_DR_Scan
Capture_DR
Shift_DR
Exit1_DR
TDI(128): 00000000000000000000000000000000000000000000000000000000000000000000000000000000000000000000000000000000000000000000000000000000
TDO(128): 00000000000000000000000000000011000000000000000000000000000000000000000000000000000000000000000000000000000000000000000000000000
Update_DR
Select_DR_Scan
Select_IR_Scan
Capture_IR
Shift_IR
Exit1_IR
TDI(16): 0000000000001010
TDO(16): 0000000000000001
Update_IR
Select_DR_Scan
Capture_DR
Shift_DR
Exit1_DR
TDI(16): 0010000000000000
TDO(16): 0001000000000000
Update_DR
Select_DR_Scan
Select_IR_Scan
Capture_IR
Shift_IR
Exit1_IR
TDI(16): 0000000000001000
TDO(16): 0000000000000001
Update_IR
Select_DR_Scan
Capture_DR
Shift_DR
Exit1_DR
TDI(160): 0000000000000000000000000111010000000000000000000000000000000000000000000000000000000000000000000000000000000000000000000000000000000000000000000000000000000000
TDO(160): 0000000000000000000010000000000100000111000000000000000000000000000000000000000000000000000000000000000000000000000000000000000000000000000000000000000000000000
Update_DR
Run_Test_IDLE
Select_DR_Scan
Select_IR_Scan
Capture_IR
Shift_IR
Exit1_IR
TDI(16): 0000000000001100
TDO(16): 0000000000000001
Update_IR
Select_DR_Scan
Capture_DR
Shift_DR
Exit1_DR
TDI(128): 00000000000000000000000000000000000000000000000000000000000000000000000000000000000000000000000000000000000000000000000000000000
TDO(128): 00000000000000000000001100000000000000000000000000000000000000000000000000000000000000000000000000000000000000000000000000000000
Update_DR
Select_DR_Scan
Select_IR_Scan
Capture_IR
Shift_IR
Exit1_IR
TDI(16): 0000000000001010
TDO(16): 0000000000000001
Update_IR
Select_DR_Scan
Capture_DR
Shift_DR
Exit1_DR
TDI(16): 0010000000000000
TDO(16): 0010000000000000
Update_DR
Select_DR_Scan
Select_IR_Scan
Capture_IR
Shift_IR
Exit1_IR
TDI(16): 0000000000001000
TDO(16): 0000000000000001
Update_IR
Select_DR_Scan
Capture_DR
Shift_DR
Exit1_DR
TDI(160): 0000000000000000000000001011010000000000000000000000000000000000000000000000000000000000000000000000000000000000000000000000000000000000000000000000000000000000
TDO(160): 0000000000000000000010000111010000000000000000000000000000000000000000000000000000000000000000000000000000000000000000000000000000000000000000000000000000000000
Update_DR
Run_Test_IDLE
Select_DR_Scan
Select_IR_Scan
Capture_IR
Shift_IR
Exit1_IR
TDI(16): 0000000000001100
TDO(16): 0000000000000001
Update_IR
Select_DR_Scan
Capture_DR
Shift_DR
Exit1_DR
TDI(128): 00000000000000000000000000000000000000000000000000000000000000000000000000000000000000000000000000000000000000000000000000000000
TDO(128): 00000000000000000000001100000000000000000000000000000000000000000000000000000000000000000000000000000000000000000000000000000000
Update_DR
Select_DR_Scan
Select_IR_Scan
Capture_IR
Shift_IR
Exit1_IR
TDI(16): 0000000000001010
TDO(16): 0000000000000001
Update_IR
Select_DR_Scan
Capture_DR
Shift_DR
Exit1_DR
TDI(16): 0010000000000000
TDO(16): 0010000000000000
Update_DR
Select_DR_Scan
Select_IR_Scan
Capture_IR
Shift_IR
Exit1_IR
TDI(16): 0000000000001000
TDO(16): 0000000000000001
Update_IR
Select_DR_Scan
Capture_DR
Shift_DR
Exit1_DR
TDI(160): 0000000000000000000000010010110000000000000000000000000000000000000000000000000000000000000000000000000000000000000000000000000000000000000000000000000000000000
TDO(160): 0000000000000000000010001011010000000000000000000000000000000000000000000000000000000000000000000000000000000000000000000000000000000000000000000000000000000000
Update_DR
Run_Test_IDLE
Select_DR_Scan
Select_IR_Scan
Capture_IR
Shift_IR
Exit1_IR
TDI(16): 0000000000001100
TDO(16): 0000000000000001
Update_IR
Select_DR_Scan
Capture_DR
Shift_DR
Exit1_DR
TDI(128): 00000000000000000000000000000000000000000000000000000000000000000000000000000000000000000000000000000000000000000000000000000000
TDO(128): 00000000000000000000001100000000000000000000000000000000000000000000000000000000000000000000000000000000000000000000000000000000
Update_DR
Select_DR_Scan
Select_IR_Scan
Capture_IR
Shift_IR
Exit1_IR
TDI(16): 0000000000001010
TDO(16): 0000000000000001
Update_IR
Select_DR_Scan
Capture_DR
Shift_DR
Exit1_DR
TDI(16): 0010000000000000
TDO(16): 0010000000000000
Update_DR
Select_DR_Scan
Select_IR_Scan
Capture_IR
Shift_IR
Exit1_IR
TDI(16): 0000000000001000
TDO(16): 0000000000000001
Update_IR
Select_DR_Scan
Capture_DR
Shift_DR
Exit1_DR
TDI(160): 0000000000000000000000100010110000000000000000000000000000000000000000000000000000000000000000000000000000000000000000000000000000000000000000000000000000000000
TDO(160): 0000000000000000000010010010110000000000000000000000000000000000000000000000000000000000000000000000000000000000000000000000000000000000000000000000000000000000
Update_DR
Run_Test_IDLE
Select_DR_Scan
Select_IR_Scan
Capture_IR
Shift_IR
Exit1_IR
TDI(16): 0000000000001100
TDO(16): 0000000000000001
Update_IR
Select_DR_Scan
Capture_DR
Shift_DR
Exit1_DR
TDI(128): 00000000000000000000000000000000000000000000000000000000000000000000000000000000000000000000000000000000000000000000000000000000
TDO(128): 00000000000000000000001100000000000000000000000000000000000000000000000000000000000000000000000000000000000000000000000000000000
Update_DR
Select_DR_Scan
Select_IR_Scan
Capture_IR
Shift_IR
Exit1_IR
TDI(16): 0000000000001010
TDO(16): 0000000000000001
Update_IR
Select_DR_Scan
Capture_DR
Shift_DR
Exit1_DR
TDI(16): 0010000000000000
TDO(16): 0010000000000000
Update_DR
Select_DR_Scan
Select_IR_Scan
Capture_IR
Shift_IR
Exit1_IR
TDI(16): 0000000000001000
TDO(16): 0000000000000001
Update_IR
Select_DR_Scan
Capture_DR
Shift_DR
Exit1_DR
TDI(160): 0000000000000000000001000001110000000000000000000000000000000000000000000000000000000000000000000000000000000000000000000000000000000000000000000000000000000000
TDO(160): 0000000000000000000010100010110000000000000000000000000000000000000000000000000000000000000000000000000000000000000000000000000000000000000000000000000000000000
Update_DR
Run_Test_IDLE
Select_DR_Scan
Select_IR_Scan
Capture_IR
Shift_IR
Exit1_IR
TDI(16): 0000000000001100
TDO(16): 0000000000000001
Update_IR
Select_DR_Scan
Capture_DR
Shift_DR
Exit1_DR
TDI(128): 00000000000000000000000000000000000000000000000000000000000000000000000000000000000000000000000000000000000000000000000000000000
TDO(128): 00000000000000000000001100000000000000000000000000000000000000000000000000000000000000000000000000000000000000000000000000000000
Update_DR
Select_DR_Scan
Select_IR_Scan
Capture_IR
Shift_IR
Exit1_IR
TDI(16): 0000000000001010
TDO(16): 0000000000000001
Update_IR
Select_DR_Scan
Capture_DR
Shift_DR
Exit1_DR
TDI(16): 0100000000000000
TDO(16): 0010000000000000
Update_DR
Select_DR_Scan
Select_IR_Scan
Capture_IR
Shift_IR
Exit1_IR
TDI(16): 0000000000001000
TDO(16): 0000000000000001
Update_IR
Select_DR_Scan
Capture_DR
Shift_DR
Exit1_DR
TDI(160): 0000000000000001110100000000000000000000000000000000000000000000000000000000000000000000000000000000000000000000000000000000000000000000000000000000000000000000
TDO(160): 0000000000100000000001000001110000000000000000000000000000000000000000000000000000000000000000000000000000000000000000000000000000000000000000000000000000000000
Update_DR
Run_Test_IDLE
Select_DR_Scan
Select_IR_Scan
Capture_IR
Shift_IR
Exit1_IR
TDI(16): 0000000000001100
TDO(16): 0000000000000001
Update_IR
Select_DR_Scan
Capture_DR
Shift_DR
Exit1_DR
TDI(128): 00000000000000000000000000000000000000000000000000000000000000000000000000000000000000000000000000000000000000000000000000000000
TDO(128): 00000000000000110000000000000000000000000000000000000000000000000000000000000000000000000000000000000000000000000000000000000000
Update_DR
Select_DR_Scan
Select_IR_Scan
Capture_IR
Shift_IR
Exit1_IR
TDI(16): 0000000000001010
TDO(16): 0000000000000001
Update_IR
Select_DR_Scan
Capture_DR
Shift_DR
Exit1_DR
TDI(16): 0100000000000000
TDO(16): 0100000000000000
Update_DR
Select_DR_Scan
Select_IR_Scan
Capture_IR
Shift_IR
Exit1_IR
TDI(16): 0000000000001000
TDO(16): 0000000000000001
Update_IR
Select_DR_Scan
Capture_DR
Shift_DR
Exit1_DR
TDI(160): 0000000000000010110100000000000000000000000000000000000000000000000000000000000000000000000000000000000000000000000000000000000000000000000000000000000000000000
TDO(160): 0000000000100001110100000000000000000000000000000000000000000000000000000000000000000000000000000000000000000000000000000000000000000000000000000000000000000000
Update_DR
Run_Test_IDLE
Select_DR_Scan
Select_IR_Scan
Capture_IR
Shift_IR
Exit1_IR
TDI(16): 0000000000001100
TDO(16): 0000000000000001
Update_IR
Select_DR_Scan
Capture_DR
Shift_DR
Exit1_DR
TDI(128): 00000000000000000000000000000000000000000000000000000000000000000000000000000000000000000000000000000000000000000000000000000000
TDO(128): 00000000000000110000000000000000000000000000000000000000000000000000000000000000000000000000000000000000000000000000000000000000
Update_DR
Select_DR_Scan
Select_IR_Scan
Capture_IR
Shift_IR
Exit1_IR
TDI(16): 0000000000001010
TDO(16): 0000000000000001
Update_IR
Select_DR_Scan
Capture_DR
Shift_DR
Exit1_DR
TDI(16): 0100000000000000
TDO(16): 0100000000000000
Update_DR
Select_DR_Scan
Select_IR_Scan
Capture_IR
Shift_IR
Exit1_IR
TDI(16): 0000000000001000
TDO(16): 0000000000000001
Update_IR
Select_DR_Scan
Capture_DR
Shift_DR
Exit1_DR
TDI(160): 0000000000000100101100000000000000000000000000000000000000000000000000000000000000000000000000000000000000000000000000000000000000000000000000000000000000000000
TDO(160): 0000000000100010110100000000000000000000000000000000000000000000000000000000000000000000000000000000000000000000000000000000000000000000000000000000000000000000
Update_DR
Run_Test_IDLE
Select_DR_Scan
Select_IR_Scan
Capture_IR
Shift_IR
Exit1_IR
TDI(16): 0000000000001100
TDO(16): 0000000000000001
Update_IR
Select_DR_Scan
Capture_DR
Shift_DR
Exit1_DR
TDI(128): 00000000000000000000000000000000000000000000000000000000000000000000000000000000000000000000000000000000000000000000000000000000
TDO(128): 00000000000000110000000000000000000000000000000000000000000000000000000000000000000000000000000000000000000000000000000000000000
Update_DR
Select_DR_Scan
Select_IR_Scan
Capture_IR
Shift_IR
Exit1_IR
TDI(16): 0000000000001010
TDO(16): 0000000000000001
Update_IR
Select_DR_Scan
Capture_DR
Shift_DR
Exit1_DR
TDI(16): 0100000000000000
TDO(16): 0100000000000000
Update_DR
Select_DR_Scan
Select_IR_Scan
Capture_IR
Shift_IR
Exit1_IR
TDI(16): 0000000000001000
TDO(16): 0000000000000001
Update_IR
Select_DR_Scan
Capture_DR
Shift_DR
Exit1_DR
TDI(160): 0000000000001000101100000000000000000000000000000000000000000000000000000000000000000000000000000000000000000000000000000000000000000000000000000000000000000000
TDO(160): 0000000000100100101100000000000000000000000000000000000000000000000000000000000000000000000000000000000000000000000000000000000000000000000000000000000000000000
Update_DR
Run_Test_IDLE
Select_DR_Scan
Select_IR_Scan
Capture_IR
Shift_IR
Exit1_IR
TDI(16): 0000000000001100
TDO(16): 0000000000000001
Update_IR
Select_DR_Scan
Capture_DR
Shift_DR
Exit1_DR
TDI(128): 00000000000000000000000000000000000000000000000000000000000000000000000000000000000000000000000000000000000000000000000000000000
TDO(128): 00000000000000110000000000000000000000000000000000000000000000000000000000000000000000000000000000000000000000000000000000000000
Update_DR
Select_DR_Scan
Select_IR_Scan
Capture_IR
Shift_IR
Exit1_IR
TDI(16): 0000000000001010
TDO(16): 0000000000000001
Update_IR
Select_DR_Scan
Capture_DR
Shift_DR
Exit1_DR
TDI(16): 0100000000000000
TDO(16): 0100000000000000
Update_DR
Select_DR_Scan
Select_IR_Scan
Capture_IR
Shift_IR
Exit1_IR
TDI(16): 0000000000001000
TDO(16): 0000000000000001
Update_IR
Select_DR_Scan
Capture_DR
Shift_DR
Exit1_DR
TDI(160): 0000000000010000011100000000000000000000000000000000000000000000000000000000000000000000000000000000000000000000000000000000000000000000000000000000000000000000
TDO(160): 0000000000101000101100000000000000000000000000000000000000000000000000000000000000000000000000000000000000000000000000000000000000000000000000000000000000000000
Update_DR
Run_Test_IDLE
Select_DR_Scan
Select_IR_Scan
Capture_IR
Shift_IR
Exit1_IR
TDI(16): 0000000000001100
TDO(16): 0000000000000001
Update_IR
Select_DR_Scan
Capture_DR
Shift_DR
Exit1_DR
TDI(128): 00000000000000000000000000000000000000000000000000000000000000000000000000000000000000000000000000000000000000000000000000000000
TDO(128): 00000000010000110000000000000000000000000000000000000000000000000000000000000000000000000000000000000000000000000000000000000000
Update_DR
Select_DR_Scan
Select_IR_Scan
Capture_IR
Shift_IR
Exit1_IR
TDI(16): 0000000000001010
TDO(16): 0000000000000001
Update_IR
Select_DR_Scan
Capture_DR
Shift_DR
Exit1_DR
TDI(16): 1000000000000000
TDO(16): 0100000000000000
Update_DR
Select_DR_Scan
Select_IR_Scan
Capture_IR
Shift_IR
Exit1_IR
TDI(16): 0000000000001000
TDO(16): 0000000000000001
Update_IR
Select_DR_Scan
Capture_DR
Shift_DR
Exit1_DR
TDI(160): 0000011101000000000000000000000000000000000000000000000000000000000000000000000000000000000000000000000000000000000000000000000000000000000000000000000000000000
TDO(160): 1000000000010000011100000000000000000000000000000000000000000000000000000000000000000000000000000000000000000000000000000000000000000000000000000000000000000000
Update_DR
Run_Test_IDLE
Select_DR_Scan
Select_IR_Scan
Capture_IR
Shift_IR
Exit1_IR
TDI(16): 0000000000001100
TDO(16): 0000000000000001
Update_IR
Select_DR_Scan
Capture_DR
Shift_DR
Exit1_DR
TDI(128): 00000000000000000000000000000000000000000000000000000000000000000000000000000000000000000000000000000000000000000000000000000000
TDO(128): 00000011000000000000000000000000000000000000000000000000000000000000000000000000000000000000000000000000000000000000000000000000
Update_DR
Select_DR_Scan
Select_IR_Scan
Capture_IR
Shift_IR
Exit1_IR
TDI(16): 0000000000001010
TDO(16): 0000000000000001
Update_IR
Select_DR_Scan
Capture_DR
Shift_DR
Exit1_DR
TDI(16): 1000000000000000
TDO(16): 1000000000000000
Update_DR
Select_DR_Scan
Select_IR_Scan
Capture_IR
Shift_IR
Exit1_IR
TDI(16): 0000000000001000
TDO(16): 0000000000000001
Update_IR
Select_DR_Scan
Capture_DR
Shift_DR
Exit1_DR
TDI(160): 0000101101000000000000000000000000000000000000000000000000000000000000000000000000000000000000000000000000000000000000000000000000000000000000000000000000000000
TDO(160): 1000011101000000000000000000000000000000000000000000000000000000000000000000000000000000000000000000000000000000000000000000000000000000000000000000000000000000
Update_DR
Run_Test_IDLE
Select_DR_Scan
Select_IR_Scan
Capture_IR
Shift_IR
Exit1_IR
TDI(16): 0000000000001100
TDO(16): 0000000000000001
Update_IR
Select_DR_Scan
Capture_DR
Shift_DR
Exit1_DR
TDI(128): 00000000000000000000000000000000000000000000000000000000000000000000000000000000000000000000000000000000000000000000000000000000
TDO(128): 00000011000000000000000000000000000000000000000000000000000000000000000000000000000000000000000000000000000000000000000000000000
Update_DR
Select_DR_Scan
Select_IR_Scan
Capture_IR
Shift_IR
Exit1_IR
TDI(16): 0000000000001010
TDO(16): 0000000000000001
Update_IR
Select_DR_Scan
Capture_DR
Shift_DR
Exit1_DR
TDI(16): 1000000000000000
TDO(16): 1000000000000000
Update_DR
Select_DR_Scan
Select_IR_Scan
Capture_IR
Shift_IR
Exit1_IR
TDI(16): 0000000000001000
TDO(16): 0000000000000001
Update_IR
Select_DR_Scan
Capture_DR
Shift_DR
Exit1_DR
TDI(160): 0001001011000000000000000000000000000000000000000000000000000000000000000000000000000000000000000000000000000000000000000000000000000000000000000000000000000000
TDO(160): 1000101101000000000000000000000000000000000000000000000000000000000000000000000000000000000000000000000000000000000000000000000000000000000000000000000000000000
Update_DR
Run_Test_IDLE
Select_DR_Scan
Select_IR_Scan
Capture_IR
Shift_IR
Exit1_IR
TDI(16): 0000000000001100
TDO(16): 0000000000000001
Update_IR
Select_DR_Scan
Capture_DR
Shift_DR
Exit1_DR
TDI(128): 00000000000000000000000000000000000000000000000000000000000000000000000000000000000000000000000000000000000000000000000000000000
TDO(128): 00000011000000000000000000000000000000000000000000000000000000000000000000000000000000000000000000000000000000000000000000000000
Update_DR
Select_DR_Scan
Select_IR_Scan
Capture_IR
Shift_IR
Exit1_IR
TDI(16): 0000000000001010
TDO(16): 0000000000000001
Update_IR
Select_DR_Scan
Capture_DR
Shift_DR
Exit1_DR
TDI(16): 1000000000000000
TDO(16): 1000000000000000
Update_DR
Select_DR_Scan
Select_IR_Scan
Capture_IR
Shift_IR
Exit1_IR
TDI(16): 0000000000001000
TDO(16): 0000000000000001
Update_IR
Select_DR_Scan
Capture_DR
Shift_DR
Exit1_DR
TDI(160): 0010001011000000000000000000000000000000000000000000000000000000000000000000000000000000000000000000000000000000000000000000000000000000000000000000000000000000
TDO(160): 1001001011000000000000000000000000000000000000000000000000000000000000000000000000000000000000000000000000000000000000000000000000000000000000000000000000000000
Update_DR
Run_Test_IDLE
Select_DR_Scan
Select_IR_Scan
Capture_IR
Shift_IR
Exit1_IR
TDI(16): 0000000000001100
TDO(16): 0000000000000001
Update_IR
Select_DR_Scan
Capture_DR
Shift_DR
Exit1_DR
TDI(128): 00000000000000000000000000000000000000000000000000000000000000000000000000000000000000000000000000000000000000000000000000000000
TDO(128): 00000011000000000000000000000000000000000000000000000000000000000000000000000000000000000000000000000000000000000000000000000000
Update_DR
Select_DR_Scan
Select_IR_Scan
Capture_IR
Shift_IR
Exit1_IR
TDI(16): 0000000000001010
TDO(16): 0000000000000001
Update_IR
Select_DR_Scan
Capture_DR
Shift_DR
Exit1_DR
TDI(16): 1000000000000000
TDO(16): 1000000000000000
Update_DR
Select_DR_Scan
Select_IR_Scan
Capture_IR
Shift_IR
Exit1_IR
TDI(16): 0000000000001000
TDO(16): 0000000000000001
Update_IR
Select_DR_Scan
Capture_DR
Shift_DR
Exit1_DR
TDI(160): 0100000111000000000000000000000000000000000000000000000000000000000000000000000000000000000000000000000000000000000000000000000000000000000000000000000000000000
TDO(160): 1010001011000000000000000000000000000000000000000000000000000000000000000000000000000000000000000000000000000000000000000000000000000000000000000000000000000000
Update_DR
Run_Test_IDLE
Select_DR_Scan
Select_IR_Scan
Capture_IR
Shift_IR
Exit1_IR
TDI(16): 0000000000001100
TDO(16): 0000000000000001
Update_IR
Select_DR_Scan
Capture_DR
Shift_DR
Exit1_DR
TDI(128): 00000000000000000000000000000000000000000000000000000000000000000000000000000000000000000000000000000000000000000000000000000000
TDO(128): 00000011000000000000000000000000000000000000000000000000000000000000000000000000000000000000000000000000000000000000000000000000
Update_DR
